{"c:\\Users\\milos\\Desktop\\projects\\diplomski-app\\backend\\dist\\common\\BaseController.js":{"path":"c:\\Users\\milos\\Desktop\\projects\\diplomski-app\\backend\\dist\\common\\BaseController.js","statementMap":{"0":{"start":{"line":2,"column":0},"end":{"line":2,"column":62}},"1":{"start":{"line":5,"column":8},"end":{"line":5,"column":41}},"2":{"start":{"line":8,"column":8},"end":{"line":8,"column":37}},"3":{"start":{"line":11,"column":0},"end":{"line":11,"column":33}}},"fnMap":{"0":{"name":"(anonymous_0)","decl":{"start":{"line":4,"column":4},"end":{"line":4,"column":5}},"loc":{"start":{"line":4,"column":26},"end":{"line":6,"column":5}},"line":4},"1":{"name":"(anonymous_1)","decl":{"start":{"line":7,"column":4},"end":{"line":7,"column":5}},"loc":{"start":{"line":7,"column":19},"end":{"line":9,"column":5}},"line":7}},"branchMap":{},"s":{"0":0,"1":0,"2":0,"3":0},"f":{"0":0,"1":0},"b":{},"inputSourceMap":{"version":3,"file":"BaseController.js","sourceRoot":"","sources":["../../src/common/BaseController.ts"],"names":[],"mappings":";;AAEA,MAA8B,cAAc;IAG1C,YAAY,QAAmB;QAC7B,IAAI,CAAC,gBAAgB,GAAG,QAAQ,CAAC;IACnC,CAAC;IAED,IAAc,QAAQ;QACpB,OAAO,IAAI,CAAC,gBAAgB,CAAC;IAC/B,CAAC;CACF;AAVD,iCAUC"},"all":true},"c:\\Users\\milos\\Desktop\\projects\\diplomski-app\\backend\\dist\\common\\BaseService.js":{"path":"c:\\Users\\milos\\Desktop\\projects\\diplomski-app\\backend\\dist\\common\\BaseService.js","statementMap":{"0":{"start":{"line":2,"column":16},"end":{"line":10,"column":1}},"1":{"start":{"line":3,"column":28},"end":{"line":3,"column":110}},"2":{"start":{"line":3,"column":91},"end":{"line":3,"column":106}},"3":{"start":{"line":4,"column":4},"end":{"line":9,"column":7}},"4":{"start":{"line":5,"column":36},"end":{"line":5,"column":97}},"5":{"start":{"line":5,"column":42},"end":{"line":5,"column":70}},"6":{"start":{"line":5,"column":85},"end":{"line":5,"column":95}},"7":{"start":{"line":6,"column":35},"end":{"line":6,"column":100}},"8":{"start":{"line":6,"column":41},"end":{"line":6,"column":73}},"9":{"start":{"line":6,"column":88},"end":{"line":6,"column":98}},"10":{"start":{"line":7,"column":32},"end":{"line":7,"column":116}},"11":{"start":{"line":8,"column":8},"end":{"line":8,"column":78}},"12":{"start":{"line":11,"column":0},"end":{"line":11,"column":62}},"13":{"start":{"line":14,"column":8},"end":{"line":14,"column":53}},"14":{"start":{"line":15,"column":8},"end":{"line":15,"column":51}},"15":{"start":{"line":18,"column":8},"end":{"line":18,"column":29}},"16":{"start":{"line":21,"column":8},"end":{"line":21,"column":37}},"17":{"start":{"line":24,"column":8},"end":{"line":24,"column":48}},"18":{"start":{"line":27,"column":8},"end":{"line":27,"column":38}},"19":{"start":{"line":30,"column":8},"end":{"line":30,"column":40}},"20":{"start":{"line":33,"column":26},"end":{"line":33,"column":42}},"21":{"start":{"line":34,"column":8},"end":{"line":51,"column":11}},"22":{"start":{"line":35,"column":24},"end":{"line":35,"column":57}},"23":{"start":{"line":36,"column":12},"end":{"line":50,"column":15}},"24":{"start":{"line":38,"column":34},"end":{"line":47,"column":14}},"25":{"start":{"line":39,"column":16},"end":{"line":41,"column":17}},"26":{"start":{"line":40,"column":20},"end":{"line":40,"column":39}},"27":{"start":{"line":42,"column":30},"end":{"line":42,"column":32}},"28":{"start":{"line":43,"column":16},"end":{"line":45,"column":17}},"29":{"start":{"line":44,"column":20},"end":{"line":44,"column":70}},"30":{"start":{"line":46,"column":16},"end":{"line":46,"column":31}},"31":{"start":{"line":49,"column":16},"end":{"line":49,"column":30}},"32":{"start":{"line":54,"column":26},"end":{"line":54,"column":42}},"33":{"start":{"line":55,"column":8},"end":{"line":71,"column":11}},"34":{"start":{"line":56,"column":24},"end":{"line":56,"column":83}},"35":{"start":{"line":57,"column":12},"end":{"line":70,"column":15}},"36":{"start":{"line":59,"column":34},"end":{"line":67,"column":14}},"37":{"start":{"line":60,"column":16},"end":{"line":62,"column":17}},"38":{"start":{"line":61,"column":20},"end":{"line":61,"column":41}},"39":{"start":{"line":63,"column":16},"end":{"line":65,"column":17}},"40":{"start":{"line":64,"column":20},"end":{"line":64,"column":41}},"41":{"start":{"line":66,"column":16},"end":{"line":66,"column":67}},"42":{"start":{"line":69,"column":16},"end":{"line":69,"column":30}},"43":{"start":{"line":74,"column":8},"end":{"line":94,"column":11}},"44":{"start":{"line":75,"column":30},"end":{"line":75,"column":46}},"45":{"start":{"line":76,"column":12},"end":{"line":93,"column":15}},"46":{"start":{"line":77,"column":28},"end":{"line":77,"column":88}},"47":{"start":{"line":78,"column":16},"end":{"line":92,"column":19}},"48":{"start":{"line":80,"column":38},"end":{"line":89,"column":18}},"49":{"start":{"line":81,"column":20},"end":{"line":83,"column":21}},"50":{"start":{"line":82,"column":24},"end":{"line":82,"column":43}},"51":{"start":{"line":84,"column":34},"end":{"line":84,"column":36}},"52":{"start":{"line":85,"column":20},"end":{"line":87,"column":21}},"53":{"start":{"line":86,"column":24},"end":{"line":86,"column":74}},"54":{"start":{"line":88,"column":20},"end":{"line":88,"column":35}},"55":{"start":{"line":91,"column":20},"end":{"line":91,"column":34}},"56":{"start":{"line":97,"column":8},"end":{"line":116,"column":11}},"57":{"start":{"line":98,"column":12},"end":{"line":115,"column":15}},"58":{"start":{"line":99,"column":28},"end":{"line":99,"column":88}},"59":{"start":{"line":100,"column":16},"end":{"line":114,"column":19}},"60":{"start":{"line":102,"column":38},"end":{"line":111,"column":18}},"61":{"start":{"line":103,"column":20},"end":{"line":105,"column":21}},"62":{"start":{"line":104,"column":24},"end":{"line":104,"column":43}},"63":{"start":{"line":106,"column":34},"end":{"line":106,"column":36}},"64":{"start":{"line":107,"column":20},"end":{"line":109,"column":21}},"65":{"start":{"line":108,"column":24},"end":{"line":108,"column":40}},"66":{"start":{"line":110,"column":20},"end":{"line":110,"column":35}},"67":{"start":{"line":113,"column":20},"end":{"line":113,"column":34}},"68":{"start":{"line":119,"column":8},"end":{"line":146,"column":11}},"69":{"start":{"line":120,"column":30},"end":{"line":120,"column":46}},"70":{"start":{"line":121,"column":12},"end":{"line":145,"column":15}},"71":{"start":{"line":122,"column":35},"end":{"line":122,"column":67}},"72":{"start":{"line":123,"column":33},"end":{"line":125,"column":31}},"73":{"start":{"line":124,"column":39},"end":{"line":124,"column":63}},"74":{"start":{"line":126,"column":31},"end":{"line":126,"column":75}},"75":{"start":{"line":126,"column":60},"end":{"line":126,"column":74}},"76":{"start":{"line":127,"column":28},"end":{"line":127,"column":78}},"77":{"start":{"line":128,"column":16},"end":{"line":144,"column":19}},"78":{"start":{"line":130,"column":38},"end":{"line":141,"column":18}},"79":{"start":{"line":132,"column":33},"end":{"line":132,"column":39}},"80":{"start":{"line":133,"column":38},"end":{"line":133,"column":104}},"81":{"start":{"line":134,"column":36},"end":{"line":134,"column":74}},"82":{"start":{"line":135,"column":20},"end":{"line":139,"column":21}},"83":{"start":{"line":136,"column":24},"end":{"line":138,"column":27}},"84":{"start":{"line":140,"column":20},"end":{"line":140,"column":37}},"85":{"start":{"line":143,"column":20},"end":{"line":143,"column":34}},"86":{"start":{"line":149,"column":8},"end":{"line":190,"column":11}},"87":{"start":{"line":150,"column":30},"end":{"line":150,"column":46}},"88":{"start":{"line":151,"column":12},"end":{"line":189,"column":15}},"89":{"start":{"line":152,"column":35},"end":{"line":152,"column":67}},"90":{"start":{"line":153,"column":16},"end":{"line":155,"column":17}},"91":{"start":{"line":154,"column":20},"end":{"line":154,"column":78}},"92":{"start":{"line":156,"column":33},"end":{"line":158,"column":31}},"93":{"start":{"line":157,"column":39},"end":{"line":157,"column":63}},"94":{"start":{"line":159,"column":31},"end":{"line":159,"column":75}},"95":{"start":{"line":159,"column":60},"end":{"line":159,"column":74}},"96":{"start":{"line":160,"column":16},"end":{"line":160,"column":32}},"97":{"start":{"line":161,"column":28},"end":{"line":167,"column":31}},"98":{"start":{"line":168,"column":16},"end":{"line":188,"column":19}},"99":{"start":{"line":170,"column":38},"end":{"line":185,"column":18}},"100":{"start":{"line":172,"column":33},"end":{"line":172,"column":39}},"101":{"start":{"line":173,"column":20},"end":{"line":177,"column":21}},"102":{"start":{"line":174,"column":24},"end":{"line":176,"column":27}},"103":{"start":{"line":178,"column":33},"end":{"line":178,"column":64}},"104":{"start":{"line":179,"column":20},"end":{"line":183,"column":21}},"105":{"start":{"line":180,"column":24},"end":{"line":182,"column":27}},"106":{"start":{"line":184,"column":20},"end":{"line":184,"column":34}},"107":{"start":{"line":187,"column":20},"end":{"line":187,"column":34}},"108":{"start":{"line":193,"column":8},"end":{"line":213,"column":11}},"109":{"start":{"line":194,"column":30},"end":{"line":194,"column":46}},"110":{"start":{"line":195,"column":12},"end":{"line":212,"column":15}},"111":{"start":{"line":196,"column":28},"end":{"line":196,"column":95}},"112":{"start":{"line":197,"column":16},"end":{"line":211,"column":19}},"113":{"start":{"line":199,"column":38},"end":{"line":208,"column":18}},"114":{"start":{"line":201,"column":33},"end":{"line":201,"column":39}},"115":{"start":{"line":202,"column":20},"end":{"line":206,"column":21}},"116":{"start":{"line":203,"column":24},"end":{"line":205,"column":27}},"117":{"start":{"line":207,"column":20},"end":{"line":207,"column":34}},"118":{"start":{"line":210,"column":20},"end":{"line":210,"column":34}},"119":{"start":{"line":216,"column":0},"end":{"line":216,"column":30}}},"fnMap":{"0":{"name":"(anonymous_0)","decl":{"start":{"line":2,"column":44},"end":{"line":2,"column":45}},"loc":{"start":{"line":2,"column":89},"end":{"line":10,"column":1}},"line":2},"1":{"name":"adopt","decl":{"start":{"line":3,"column":13},"end":{"line":3,"column":18}},"loc":{"start":{"line":3,"column":26},"end":{"line":3,"column":112}},"line":3},"2":{"name":"(anonymous_2)","decl":{"start":{"line":3,"column":70},"end":{"line":3,"column":71}},"loc":{"start":{"line":3,"column":89},"end":{"line":3,"column":108}},"line":3},"3":{"name":"(anonymous_3)","decl":{"start":{"line":4,"column":36},"end":{"line":4,"column":37}},"loc":{"start":{"line":4,"column":63},"end":{"line":9,"column":5}},"line":4},"4":{"name":"fulfilled","decl":{"start":{"line":5,"column":17},"end":{"line":5,"column":26}},"loc":{"start":{"line":5,"column":34},"end":{"line":5,"column":99}},"line":5},"5":{"name":"rejected","decl":{"start":{"line":6,"column":17},"end":{"line":6,"column":25}},"loc":{"start":{"line":6,"column":33},"end":{"line":6,"column":102}},"line":6},"6":{"name":"step","decl":{"start":{"line":7,"column":17},"end":{"line":7,"column":21}},"loc":{"start":{"line":7,"column":30},"end":{"line":7,"column":118}},"line":7},"7":{"name":"(anonymous_7)","decl":{"start":{"line":13,"column":4},"end":{"line":13,"column":5}},"loc":{"start":{"line":13,"column":27},"end":{"line":16,"column":5}},"line":13},"8":{"name":"(anonymous_8)","decl":{"start":{"line":17,"column":4},"end":{"line":17,"column":5}},"loc":{"start":{"line":17,"column":13},"end":{"line":19,"column":5}},"line":17},"9":{"name":"(anonymous_9)","decl":{"start":{"line":20,"column":4},"end":{"line":20,"column":5}},"loc":{"start":{"line":20,"column":19},"end":{"line":22,"column":5}},"line":20},"10":{"name":"(anonymous_10)","decl":{"start":{"line":23,"column":4},"end":{"line":23,"column":5}},"loc":{"start":{"line":23,"column":23},"end":{"line":25,"column":5}},"line":23},"11":{"name":"(anonymous_11)","decl":{"start":{"line":26,"column":4},"end":{"line":26,"column":5}},"loc":{"start":{"line":26,"column":20},"end":{"line":28,"column":5}},"line":26},"12":{"name":"(anonymous_12)","decl":{"start":{"line":29,"column":4},"end":{"line":29,"column":5}},"loc":{"start":{"line":29,"column":22},"end":{"line":31,"column":5}},"line":29},"13":{"name":"(anonymous_13)","decl":{"start":{"line":32,"column":4},"end":{"line":32,"column":5}},"loc":{"start":{"line":32,"column":20},"end":{"line":52,"column":5}},"line":32},"14":{"name":"(anonymous_14)","decl":{"start":{"line":34,"column":27},"end":{"line":34,"column":28}},"loc":{"start":{"line":34,"column":48},"end":{"line":51,"column":9}},"line":34},"15":{"name":"(anonymous_15)","decl":{"start":{"line":38,"column":22},"end":{"line":38,"column":23}},"loc":{"start":{"line":38,"column":34},"end":{"line":47,"column":14}},"line":38},"16":{"name":"(anonymous_16)","decl":{"start":{"line":38,"column":66},"end":{"line":38,"column":67}},"loc":{"start":{"line":38,"column":79},"end":{"line":47,"column":13}},"line":38},"17":{"name":"(anonymous_17)","decl":{"start":{"line":48,"column":23},"end":{"line":48,"column":24}},"loc":{"start":{"line":48,"column":34},"end":{"line":50,"column":13}},"line":48},"18":{"name":"(anonymous_18)","decl":{"start":{"line":53,"column":4},"end":{"line":53,"column":5}},"loc":{"start":{"line":53,"column":25},"end":{"line":72,"column":5}},"line":53},"19":{"name":"(anonymous_19)","decl":{"start":{"line":55,"column":27},"end":{"line":55,"column":28}},"loc":{"start":{"line":55,"column":48},"end":{"line":71,"column":9}},"line":55},"20":{"name":"(anonymous_20)","decl":{"start":{"line":59,"column":22},"end":{"line":59,"column":23}},"loc":{"start":{"line":59,"column":34},"end":{"line":67,"column":14}},"line":59},"21":{"name":"(anonymous_21)","decl":{"start":{"line":59,"column":66},"end":{"line":59,"column":67}},"loc":{"start":{"line":59,"column":79},"end":{"line":67,"column":13}},"line":59},"22":{"name":"(anonymous_22)","decl":{"start":{"line":68,"column":23},"end":{"line":68,"column":24}},"loc":{"start":{"line":68,"column":34},"end":{"line":70,"column":13}},"line":68},"23":{"name":"(anonymous_23)","decl":{"start":{"line":73,"column":4},"end":{"line":73,"column":5}},"loc":{"start":{"line":73,"column":57},"end":{"line":95,"column":5}},"line":73},"24":{"name":"(anonymous_24)","decl":{"start":{"line":74,"column":47},"end":{"line":74,"column":48}},"loc":{"start":{"line":74,"column":60},"end":{"line":94,"column":9}},"line":74},"25":{"name":"(anonymous_25)","decl":{"start":{"line":76,"column":31},"end":{"line":76,"column":32}},"loc":{"start":{"line":76,"column":52},"end":{"line":93,"column":13}},"line":76},"26":{"name":"(anonymous_26)","decl":{"start":{"line":80,"column":26},"end":{"line":80,"column":27}},"loc":{"start":{"line":80,"column":38},"end":{"line":89,"column":18}},"line":80},"27":{"name":"(anonymous_27)","decl":{"start":{"line":80,"column":70},"end":{"line":80,"column":71}},"loc":{"start":{"line":80,"column":83},"end":{"line":89,"column":17}},"line":80},"28":{"name":"(anonymous_28)","decl":{"start":{"line":90,"column":27},"end":{"line":90,"column":28}},"loc":{"start":{"line":90,"column":38},"end":{"line":92,"column":17}},"line":90},"29":{"name":"(anonymous_29)","decl":{"start":{"line":96,"column":4},"end":{"line":96,"column":5}},"loc":{"start":{"line":96,"column":68},"end":{"line":117,"column":5}},"line":96},"30":{"name":"(anonymous_30)","decl":{"start":{"line":97,"column":47},"end":{"line":97,"column":48}},"loc":{"start":{"line":97,"column":60},"end":{"line":116,"column":9}},"line":97},"31":{"name":"(anonymous_31)","decl":{"start":{"line":98,"column":31},"end":{"line":98,"column":32}},"loc":{"start":{"line":98,"column":52},"end":{"line":115,"column":13}},"line":98},"32":{"name":"(anonymous_32)","decl":{"start":{"line":102,"column":26},"end":{"line":102,"column":27}},"loc":{"start":{"line":102,"column":38},"end":{"line":111,"column":18}},"line":102},"33":{"name":"(anonymous_33)","decl":{"start":{"line":102,"column":70},"end":{"line":102,"column":71}},"loc":{"start":{"line":102,"column":83},"end":{"line":111,"column":17}},"line":102},"34":{"name":"(anonymous_34)","decl":{"start":{"line":112,"column":27},"end":{"line":112,"column":28}},"loc":{"start":{"line":112,"column":38},"end":{"line":114,"column":17}},"line":112},"35":{"name":"(anonymous_35)","decl":{"start":{"line":118,"column":4},"end":{"line":118,"column":5}},"loc":{"start":{"line":118,"column":27},"end":{"line":147,"column":5}},"line":118},"36":{"name":"(anonymous_36)","decl":{"start":{"line":119,"column":47},"end":{"line":119,"column":48}},"loc":{"start":{"line":119,"column":60},"end":{"line":146,"column":9}},"line":119},"37":{"name":"(anonymous_37)","decl":{"start":{"line":121,"column":31},"end":{"line":121,"column":32}},"loc":{"start":{"line":121,"column":52},"end":{"line":145,"column":13}},"line":121},"38":{"name":"(anonymous_38)","decl":{"start":{"line":124,"column":25},"end":{"line":124,"column":26}},"loc":{"start":{"line":124,"column":39},"end":{"line":124,"column":63}},"line":124},"39":{"name":"(anonymous_39)","decl":{"start":{"line":126,"column":46},"end":{"line":126,"column":47}},"loc":{"start":{"line":126,"column":60},"end":{"line":126,"column":74}},"line":126},"40":{"name":"(anonymous_40)","decl":{"start":{"line":130,"column":26},"end":{"line":130,"column":27}},"loc":{"start":{"line":130,"column":38},"end":{"line":141,"column":18}},"line":130},"41":{"name":"(anonymous_41)","decl":{"start":{"line":130,"column":70},"end":{"line":130,"column":71}},"loc":{"start":{"line":130,"column":83},"end":{"line":141,"column":17}},"line":130},"42":{"name":"(anonymous_42)","decl":{"start":{"line":142,"column":27},"end":{"line":142,"column":28}},"loc":{"start":{"line":142,"column":38},"end":{"line":144,"column":17}},"line":142},"43":{"name":"(anonymous_43)","decl":{"start":{"line":148,"column":4},"end":{"line":148,"column":5}},"loc":{"start":{"line":148,"column":36},"end":{"line":191,"column":5}},"line":148},"44":{"name":"(anonymous_44)","decl":{"start":{"line":149,"column":47},"end":{"line":149,"column":48}},"loc":{"start":{"line":149,"column":60},"end":{"line":190,"column":9}},"line":149},"45":{"name":"(anonymous_45)","decl":{"start":{"line":151,"column":31},"end":{"line":151,"column":32}},"loc":{"start":{"line":151,"column":52},"end":{"line":189,"column":13}},"line":151},"46":{"name":"(anonymous_46)","decl":{"start":{"line":157,"column":25},"end":{"line":157,"column":26}},"loc":{"start":{"line":157,"column":39},"end":{"line":157,"column":63}},"line":157},"47":{"name":"(anonymous_47)","decl":{"start":{"line":159,"column":46},"end":{"line":159,"column":47}},"loc":{"start":{"line":159,"column":60},"end":{"line":159,"column":74}},"line":159},"48":{"name":"(anonymous_48)","decl":{"start":{"line":170,"column":26},"end":{"line":170,"column":27}},"loc":{"start":{"line":170,"column":38},"end":{"line":185,"column":18}},"line":170},"49":{"name":"(anonymous_49)","decl":{"start":{"line":170,"column":70},"end":{"line":170,"column":71}},"loc":{"start":{"line":170,"column":83},"end":{"line":185,"column":17}},"line":170},"50":{"name":"(anonymous_50)","decl":{"start":{"line":186,"column":27},"end":{"line":186,"column":28}},"loc":{"start":{"line":186,"column":38},"end":{"line":188,"column":17}},"line":186},"51":{"name":"(anonymous_51)","decl":{"start":{"line":192,"column":4},"end":{"line":192,"column":5}},"loc":{"start":{"line":192,"column":23},"end":{"line":214,"column":5}},"line":192},"52":{"name":"(anonymous_52)","decl":{"start":{"line":193,"column":47},"end":{"line":193,"column":48}},"loc":{"start":{"line":193,"column":60},"end":{"line":213,"column":9}},"line":193},"53":{"name":"(anonymous_53)","decl":{"start":{"line":195,"column":31},"end":{"line":195,"column":32}},"loc":{"start":{"line":195,"column":52},"end":{"line":212,"column":13}},"line":195},"54":{"name":"(anonymous_54)","decl":{"start":{"line":199,"column":26},"end":{"line":199,"column":27}},"loc":{"start":{"line":199,"column":38},"end":{"line":208,"column":18}},"line":199},"55":{"name":"(anonymous_55)","decl":{"start":{"line":199,"column":70},"end":{"line":199,"column":71}},"loc":{"start":{"line":199,"column":83},"end":{"line":208,"column":17}},"line":199},"56":{"name":"(anonymous_56)","decl":{"start":{"line":209,"column":27},"end":{"line":209,"column":28}},"loc":{"start":{"line":209,"column":38},"end":{"line":211,"column":17}},"line":209}},"branchMap":{"0":{"loc":{"start":{"line":2,"column":16},"end":{"line":10,"column":1}},"type":"binary-expr","locations":[{"start":{"line":2,"column":17},"end":{"line":2,"column":21}},{"start":{"line":2,"column":25},"end":{"line":2,"column":39}},{"start":{"line":2,"column":44},"end":{"line":10,"column":1}}],"line":2},"1":{"loc":{"start":{"line":3,"column":35},"end":{"line":3,"column":109}},"type":"cond-expr","locations":[{"start":{"line":3,"column":56},"end":{"line":3,"column":61}},{"start":{"line":3,"column":64},"end":{"line":3,"column":109}}],"line":3},"2":{"loc":{"start":{"line":4,"column":16},"end":{"line":4,"column":34}},"type":"binary-expr","locations":[{"start":{"line":4,"column":16},"end":{"line":4,"column":17}},{"start":{"line":4,"column":22},"end":{"line":4,"column":33}}],"line":4},"3":{"loc":{"start":{"line":7,"column":32},"end":{"line":7,"column":115}},"type":"cond-expr","locations":[{"start":{"line":7,"column":46},"end":{"line":7,"column":67}},{"start":{"line":7,"column":70},"end":{"line":7,"column":115}}],"line":7},"4":{"loc":{"start":{"line":8,"column":51},"end":{"line":8,"column":67}},"type":"binary-expr","locations":[{"start":{"line":8,"column":51},"end":{"line":8,"column":61}},{"start":{"line":8,"column":65},"end":{"line":8,"column":67}}],"line":8},"5":{"loc":{"start":{"line":39,"column":16},"end":{"line":41,"column":17}},"type":"if","locations":[{"start":{"line":39,"column":16},"end":{"line":41,"column":17}},{"start":{"line":39,"column":16},"end":{"line":41,"column":17}}],"line":39},"6":{"loc":{"start":{"line":60,"column":16},"end":{"line":62,"column":17}},"type":"if","locations":[{"start":{"line":60,"column":16},"end":{"line":62,"column":17}},{"start":{"line":60,"column":16},"end":{"line":62,"column":17}}],"line":60},"7":{"loc":{"start":{"line":63,"column":16},"end":{"line":65,"column":17}},"type":"if","locations":[{"start":{"line":63,"column":16},"end":{"line":65,"column":17}},{"start":{"line":63,"column":16},"end":{"line":65,"column":17}}],"line":63},"8":{"loc":{"start":{"line":63,"column":20},"end":{"line":63,"column":60}},"type":"binary-expr","locations":[{"start":{"line":63,"column":20},"end":{"line":63,"column":39}},{"start":{"line":63,"column":43},"end":{"line":63,"column":60}}],"line":63},"9":{"loc":{"start":{"line":81,"column":20},"end":{"line":83,"column":21}},"type":"if","locations":[{"start":{"line":81,"column":20},"end":{"line":83,"column":21}},{"start":{"line":81,"column":20},"end":{"line":83,"column":21}}],"line":81},"10":{"loc":{"start":{"line":103,"column":20},"end":{"line":105,"column":21}},"type":"if","locations":[{"start":{"line":103,"column":20},"end":{"line":105,"column":21}},{"start":{"line":103,"column":20},"end":{"line":105,"column":21}}],"line":103},"11":{"loc":{"start":{"line":133,"column":40},"end":{"line":133,"column":103}},"type":"cond-expr","locations":[{"start":{"line":133,"column":83},"end":{"line":133,"column":89}},{"start":{"line":133,"column":92},"end":{"line":133,"column":103}}],"line":133},"12":{"loc":{"start":{"line":133,"column":40},"end":{"line":133,"column":80}},"type":"binary-expr","locations":[{"start":{"line":133,"column":40},"end":{"line":133,"column":63}},{"start":{"line":133,"column":67},"end":{"line":133,"column":80}}],"line":133},"13":{"loc":{"start":{"line":135,"column":20},"end":{"line":139,"column":21}},"type":"if","locations":[{"start":{"line":135,"column":20},"end":{"line":139,"column":21}},{"start":{"line":135,"column":20},"end":{"line":139,"column":21}}],"line":135},"14":{"loc":{"start":{"line":153,"column":16},"end":{"line":155,"column":17}},"type":"if","locations":[{"start":{"line":153,"column":16},"end":{"line":155,"column":17}},{"start":{"line":153,"column":16},"end":{"line":155,"column":17}}],"line":153},"15":{"loc":{"start":{"line":173,"column":20},"end":{"line":177,"column":21}},"type":"if","locations":[{"start":{"line":173,"column":20},"end":{"line":177,"column":21}},{"start":{"line":173,"column":20},"end":{"line":177,"column":21}}],"line":173},"16":{"loc":{"start":{"line":173,"column":25},"end":{"line":173,"column":92}},"type":"cond-expr","locations":[{"start":{"line":173,"column":68},"end":{"line":173,"column":74}},{"start":{"line":173,"column":77},"end":{"line":173,"column":92}}],"line":173},"17":{"loc":{"start":{"line":173,"column":25},"end":{"line":173,"column":65}},"type":"binary-expr","locations":[{"start":{"line":173,"column":25},"end":{"line":173,"column":48}},{"start":{"line":173,"column":52},"end":{"line":173,"column":65}}],"line":173},"18":{"loc":{"start":{"line":179,"column":20},"end":{"line":183,"column":21}},"type":"if","locations":[{"start":{"line":179,"column":20},"end":{"line":183,"column":21}},{"start":{"line":179,"column":20},"end":{"line":183,"column":21}}],"line":179},"19":{"loc":{"start":{"line":202,"column":20},"end":{"line":206,"column":21}},"type":"if","locations":[{"start":{"line":202,"column":20},"end":{"line":206,"column":21}},{"start":{"line":202,"column":20},"end":{"line":206,"column":21}}],"line":202},"20":{"loc":{"start":{"line":202,"column":25},"end":{"line":202,"column":92}},"type":"cond-expr","locations":[{"start":{"line":202,"column":68},"end":{"line":202,"column":74}},{"start":{"line":202,"column":77},"end":{"line":202,"column":92}}],"line":202},"21":{"loc":{"start":{"line":202,"column":25},"end":{"line":202,"column":65}},"type":"binary-expr","locations":[{"start":{"line":202,"column":25},"end":{"line":202,"column":48}},{"start":{"line":202,"column":52},"end":{"line":202,"column":65}}],"line":202}},"s":{"0":0,"1":0,"2":0,"3":0,"4":0,"5":0,"6":0,"7":0,"8":0,"9":0,"10":0,"11":0,"12":0,"13":0,"14":0,"15":0,"16":0,"17":0,"18":0,"19":0,"20":0,"21":0,"22":0,"23":0,"24":0,"25":0,"26":0,"27":0,"28":0,"29":0,"30":0,"31":0,"32":0,"33":0,"34":0,"35":0,"36":0,"37":0,"38":0,"39":0,"40":0,"41":0,"42":0,"43":0,"44":0,"45":0,"46":0,"47":0,"48":0,"49":0,"50":0,"51":0,"52":0,"53":0,"54":0,"55":0,"56":0,"57":0,"58":0,"59":0,"60":0,"61":0,"62":0,"63":0,"64":0,"65":0,"66":0,"67":0,"68":0,"69":0,"70":0,"71":0,"72":0,"73":0,"74":0,"75":0,"76":0,"77":0,"78":0,"79":0,"80":0,"81":0,"82":0,"83":0,"84":0,"85":0,"86":0,"87":0,"88":0,"89":0,"90":0,"91":0,"92":0,"93":0,"94":0,"95":0,"96":0,"97":0,"98":0,"99":0,"100":0,"101":0,"102":0,"103":0,"104":0,"105":0,"106":0,"107":0,"108":0,"109":0,"110":0,"111":0,"112":0,"113":0,"114":0,"115":0,"116":0,"117":0,"118":0,"119":0},"f":{"0":0,"1":0,"2":0,"3":0,"4":0,"5":0,"6":0,"7":0,"8":0,"9":0,"10":0,"11":0,"12":0,"13":0,"14":0,"15":0,"16":0,"17":0,"18":0,"19":0,"20":0,"21":0,"22":0,"23":0,"24":0,"25":0,"26":0,"27":0,"28":0,"29":0,"30":0,"31":0,"32":0,"33":0,"34":0,"35":0,"36":0,"37":0,"38":0,"39":0,"40":0,"41":0,"42":0,"43":0,"44":0,"45":0,"46":0,"47":0,"48":0,"49":0,"50":0,"51":0,"52":0,"53":0,"54":0,"55":0,"56":0},"b":{"0":[0,0,0],"1":[0,0],"2":[0,0],"3":[0,0],"4":[0,0],"5":[0,0],"6":[0,0],"7":[0,0],"8":[0,0],"9":[0,0],"10":[0,0],"11":[0,0],"12":[0,0],"13":[0,0],"14":[0,0],"15":[0,0],"16":[0,0],"17":[0,0],"18":[0,0],"19":[0,0],"20":[0,0],"21":[0,0]},"inputSourceMap":{"version":3,"file":"BaseService.js","sourceRoot":"","sources":["../../src/common/BaseService.ts"],"names":[],"mappings":";;;;;;;;;;;AAQA,MAA8B,WAAW;IAOvC,YAAY,SAAgC;QAC1C,IAAI,CAAC,QAAQ,GAAG,SAAS,CAAC,kBAAkB,CAAC;QAC7C,IAAI,CAAC,gBAAgB,GAAG,SAAS,CAAC,QAAQ,CAAC;IAC7C,CAAC;IAED,IAAc,EAAE;QACd,OAAO,IAAI,CAAC,QAAQ,CAAC;IACvB,CAAC;IAED,IAAc,QAAQ;QACpB,OAAO,IAAI,CAAC,gBAAgB,CAAC;IAC/B,CAAC;IAEM,gBAAgB;QACrB,OAAO,IAAI,CAAC,QAAQ,CAAC,gBAAgB,EAAE,CAAC;IAC1C,CAAC;IAEM,aAAa;QAClB,OAAO,IAAI,CAAC,QAAQ,CAAC,MAAM,EAAE,CAAC;IAChC,CAAC;IAEM,eAAe;QACpB,OAAO,IAAI,CAAC,QAAQ,CAAC,QAAQ,EAAE,CAAC;IAClC,CAAC;IASM,MAAM,CAAC,OAAuB;QACnC,MAAM,SAAS,GAAG,IAAI,CAAC,SAAS,EAAE,CAAC;QAEnC,OAAO,IAAI,OAAO,CAAgB,CAAC,OAAO,EAAE,MAAM,EAAE,EAAE;YACpD,MAAM,GAAG,GAAW,mBAAmB,SAAS,KAAK,CAAC;YAEtD,IAAI,CAAC,EAAE;iBACJ,OAAO,CAAC,GAAG,CAAC;iBACZ,IAAI,CAAC,CAAO,CAAC,IAAI,CAAC,EAAE,EAAE;gBACrB,IAAI,IAAI,KAAK,SAAS,EAAE;oBACtB,OAAO,OAAO,CAAC,EAAE,CAAC,CAAC;iBACpB;gBAED,MAAM,KAAK,GAAkB,EAAE,CAAC;gBAEhC,KAAK,MAAM,GAAG,IAAI,IAA8B,EAAE;oBAChD,KAAK,CAAC,IAAI,CAAC,MAAM,IAAI,CAAC,YAAY,CAAC,GAAG,EAAE,OAAO,CAAC,CAAC,CAAC;iBACnD;gBAED,OAAO,CAAC,KAAK,CAAC,CAAC;YACjB,CAAC,CAAA,CAAC;iBACD,KAAK,CAAC,CAAC,KAAK,EAAE,EAAE;gBACf,MAAM,CAAC,KAAK,CAAC,CAAC;YAChB,CAAC,CAAC,CAAC;QACP,CAAC,CAAC,CAAC;IACL,CAAC;IAEM,OAAO,CACZ,EAAU,EACV,OAAuB;QAEvB,MAAM,SAAS,GAAG,IAAI,CAAC,SAAS,EAAE,CAAC;QAEnC,OAAO,IAAI,OAAO,CAAc,CAAC,OAAO,EAAE,MAAM,EAAE,EAAE;YAClD,MAAM,GAAG,GAAW,mBAAmB,SAAS,YAAY,SAAS,UAAU,CAAC;YAEhF,IAAI,CAAC,EAAE;iBACJ,OAAO,CAAC,GAAG,EAAE,CAAC,EAAE,CAAC,CAAC;iBAClB,IAAI,CAAC,CAAO,CAAC,IAAI,CAAC,EAAE,EAAE;gBACrB,IAAI,IAAI,KAAK,SAAS,EAAE;oBACtB,OAAO,OAAO,CAAC,IAAI,CAAC,CAAC;iBACtB;gBAED,IAAI,KAAK,CAAC,OAAO,CAAC,IAAI,CAAC,IAAI,IAAI,CAAC,MAAM,KAAK,CAAC,EAAE;oBAC5C,OAAO,OAAO,CAAC,IAAI,CAAC,CAAC;iBACtB;gBAED,OAAO,CAAC,MAAM,IAAI,CAAC,YAAY,CAAC,IAAI,CAAC,CAAC,CAAC,EAAE,OAAO,CAAC,CAAC,CAAC;YACrD,CAAC,CAAA,CAAC;iBACD,KAAK,CAAC,CAAC,KAAK,EAAE,EAAE;gBACf,MAAM,CAAC,KAAK,CAAC,CAAC;YAChB,CAAC,CAAC,CAAC;QACP,CAAC,CAAC,CAAC;IACL,CAAC;IAEe,yBAAyB,CACvC,SAAiB,EACjB,KAAU,EACV,OAAuB;;YAEvB,MAAM,SAAS,GAAG,IAAI,CAAC,SAAS,EAAE,CAAC;YAEnC,OAAO,IAAI,OAAO,CAAgB,CAAC,OAAO,EAAE,MAAM,EAAE,EAAE;gBACpD,MAAM,GAAG,GAAW,mBAAmB,SAAS,cAAc,SAAS,SAAS,CAAC;gBAEjF,IAAI,CAAC,EAAE;qBACJ,OAAO,CAAC,GAAG,EAAE,CAAC,KAAK,CAAC,CAAC;qBACrB,IAAI,CAAC,CAAO,CAAC,IAAI,CAAC,EAAE,EAAE;oBACrB,IAAI,IAAI,KAAK,SAAS,EAAE;wBACtB,OAAO,OAAO,CAAC,EAAE,CAAC,CAAC;qBACpB;oBAED,MAAM,KAAK,GAAkB,EAAE,CAAC;oBAEhC,KAAK,MAAM,GAAG,IAAI,IAA8B,EAAE;wBAChD,KAAK,CAAC,IAAI,CAAC,MAAM,IAAI,CAAC,YAAY,CAAC,GAAG,EAAE,OAAO,CAAC,CAAC,CAAC;qBACnD;oBAED,OAAO,CAAC,KAAK,CAAC,CAAC;gBACjB,CAAC,CAAA,CAAC;qBACD,KAAK,CAAC,CAAC,KAAK,EAAE,EAAE;oBACf,MAAM,CAAC,KAAK,CAAC,CAAC;gBAChB,CAAC,CAAC,CAAC;YACP,CAAC,CAAC,CAAC;QACL,CAAC;KAAA;IAEe,kCAAkC,CAChD,SAAiB,EACjB,SAAiB,EACjB,KAAU;;YAEV,OAAO,IAAI,OAAO,CAAC,CAAC,OAAO,EAAE,MAAM,EAAE,EAAE;gBACrC,MAAM,GAAG,GAAG,mBAAmB,SAAS,cAAc,SAAS,SAAS,CAAC;gBAEzE,IAAI,CAAC,EAAE;qBACJ,OAAO,CAAC,GAAG,EAAE,CAAC,KAAK,CAAC,CAAC;qBACrB,IAAI,CAAC,CAAO,CAAC,IAAI,CAAC,EAAE,EAAE;oBACrB,IAAI,IAAI,KAAK,SAAS,EAAE;wBACtB,OAAO,OAAO,CAAC,EAAE,CAAC,CAAC;qBACpB;oBAED,MAAM,KAAK,GAAoB,EAAE,CAAC;oBAElC,KAAK,MAAM,GAAG,IAAI,IAA8B,EAAE;wBAChD,KAAK,CAAC,IAAI,CAAC,GAAoB,CAAC,CAAC;qBAClC;oBAED,OAAO,CAAC,KAAK,CAAC,CAAC;gBACjB,CAAC,CAAA,CAAC;qBACD,KAAK,CAAC,CAAC,KAAK,EAAE,EAAE;oBACf,MAAM,CAAC,KAAK,CAAC,CAAC;gBAChB,CAAC,CAAC,CAAC;YACP,CAAC,CAAC,CAAC;QACL,CAAC;KAAA;IAEe,OAAO,CACrB,IAAkB,EAClB,OAAuB;;YAEvB,MAAM,SAAS,GAAG,IAAI,CAAC,SAAS,EAAE,CAAC;YAEnC,OAAO,IAAI,OAAO,CAAC,CAAC,OAAO,EAAE,MAAM,EAAE,EAAE;gBACrC,MAAM,UAAU,GAAG,MAAM,CAAC,mBAAmB,CAAC,IAAI,CAAC,CAAC;gBACpD,MAAM,QAAQ,GAAG,UAAU;qBACxB,GAAG,CAAC,CAAC,QAAQ,EAAE,EAAE,CAAC,GAAG,GAAG,QAAQ,GAAG,OAAO,CAAC;qBAC3C,IAAI,CAAC,IAAI,CAAC,CAAC;gBACd,MAAM,MAAM,GAAG,UAAU,CAAC,GAAG,CAAC,CAAC,QAAQ,EAAE,EAAE,CAAC,IAAI,CAAC,QAAQ,CAAC,CAAC,CAAC;gBAE5D,MAAM,GAAG,GAAW,UAAU,GAAG,SAAS,GAAG,QAAQ,GAAG,QAAQ,GAAG,GAAG,CAAC;gBAEvE,IAAI,CAAC,EAAE;qBACJ,OAAO,CAAC,GAAG,EAAE,MAAM,CAAC;qBACpB,IAAI,CAAC,CAAO,MAAM,EAAE,EAAE;;oBACrB,MAAM,IAAI,GAAQ,MAAM,CAAC;oBAEzB,MAAM,SAAS,GAAG,CAAC,CAAA,MAAA,IAAI,CAAC,CAAC,CAAC,0CAAE,QAAQ,CAAA,CAAC;oBAErC,MAAM,OAAO,GAAuB,MAAM,IAAI,CAAC,OAAO,CACpD,SAAS,EACT,OAAO,CACR,CAAC;oBAEF,IAAI,OAAO,KAAK,IAAI,EAAE;wBACpB,OAAO,MAAM,CAAC;4BACZ,OAAO,EACL,oCAAoC,GAAG,SAAS,GAAG,SAAS;yBAC/D,CAAC,CAAC;qBACJ;oBAED,OAAO,CAAC,OAAO,CAAC,CAAC;gBACnB,CAAC,CAAA,CAAC;qBACD,KAAK,CAAC,CAAC,KAAK,EAAE,EAAE;oBACf,MAAM,CAAC,KAAK,CAAC,CAAC;gBAChB,CAAC,CAAC,CAAC;YACP,CAAC,CAAC,CAAC;QACL,CAAC;KAAA;IAEe,YAAY,CAC1B,EAAU,EACV,IAAkB,EAClB,OAAuB;;YAEvB,MAAM,SAAS,GAAG,IAAI,CAAC,SAAS,EAAE,CAAC;YAEnC,OAAO,IAAI,OAAO,CAAC,CAAC,OAAO,EAAE,MAAM,EAAE,EAAE;gBACrC,MAAM,UAAU,GAAG,MAAM,CAAC,mBAAmB,CAAC,IAAI,CAAC,CAAC;gBAEpD,IAAI,UAAU,CAAC,MAAM,KAAK,CAAC,EAAE;oBAC3B,OAAO,MAAM,CAAC,EAAE,OAAO,EAAE,6BAA6B,EAAE,CAAC,CAAC;iBAC3D;gBAED,MAAM,QAAQ,GAAG,UAAU;qBACxB,GAAG,CAAC,CAAC,QAAQ,EAAE,EAAE,CAAC,GAAG,GAAG,QAAQ,GAAG,OAAO,CAAC;qBAC3C,IAAI,CAAC,IAAI,CAAC,CAAC;gBACd,MAAM,MAAM,GAAG,UAAU,CAAC,GAAG,CAAC,CAAC,QAAQ,EAAE,EAAE,CAAC,IAAI,CAAC,QAAQ,CAAC,CAAC,CAAC;gBAC5D,MAAM,CAAC,IAAI,CAAC,EAAE,CAAC,CAAC;gBAEhB,MAAM,GAAG,GACP,UAAU;oBACV,SAAS;oBACT,QAAQ;oBACR,QAAQ;oBACR,UAAU;oBACV,SAAS;oBACT,WAAW,CAAC;gBAEd,IAAI,CAAC,EAAE;qBACJ,OAAO,CAAC,GAAG,EAAE,MAAM,CAAC;qBACpB,IAAI,CAAC,CAAO,MAAM,EAAE,EAAE;;oBACrB,MAAM,IAAI,GAAQ,MAAM,CAAC;oBAEzB,IAAI,CAAA,MAAA,IAAI,CAAC,CAAC,CAAC,0CAAE,YAAY,MAAK,CAAC,EAAE;wBAC/B,OAAO,MAAM,CAAC;4BACZ,OAAO,EACL,oCAAoC,GAAG,SAAS,GAAG,SAAS;yBAC/D,CAAC,CAAC;qBACJ;oBAED,MAAM,IAAI,GAAuB,MAAM,IAAI,CAAC,OAAO,CAAC,EAAE,EAAE,OAAO,CAAC,CAAC;oBAEjE,IAAI,IAAI,KAAK,IAAI,EAAE;wBACjB,OAAO,MAAM,CAAC;4BACZ,OAAO,EACL,kCAAkC,GAAG,SAAS,GAAG,SAAS;yBAC7D,CAAC,CAAC;qBACJ;oBAED,OAAO,CAAC,IAAI,CAAC,CAAC;gBAChB,CAAC,CAAA,CAAC;qBACD,KAAK,CAAC,CAAC,KAAK,EAAE,EAAE;oBACf,MAAM,CAAC,KAAK,CAAC,CAAC;gBAChB,CAAC,CAAC,CAAC;YACP,CAAC,CAAC,CAAC;QACL,CAAC;KAAA;IAEe,cAAc,CAAC,EAAU;;YACvC,MAAM,SAAS,GAAG,IAAI,CAAC,SAAS,EAAE,CAAC;YAEnC,OAAO,IAAI,OAAO,CAAC,CAAC,OAAO,EAAE,MAAM,EAAE,EAAE;gBACrC,MAAM,GAAG,GACP,eAAe,GAAG,SAAS,GAAG,WAAW,GAAG,SAAS,GAAG,WAAW,CAAC;gBAEtE,IAAI,CAAC,EAAE;qBACJ,OAAO,CAAC,GAAG,EAAE,CAAC,EAAE,CAAC,CAAC;qBAClB,IAAI,CAAC,CAAO,MAAM,EAAE,EAAE;;oBACrB,MAAM,IAAI,GAAQ,MAAM,CAAC;oBAEzB,IAAI,CAAA,MAAA,IAAI,CAAC,CAAC,CAAC,0CAAE,YAAY,MAAK,CAAC,EAAE;wBAC/B,OAAO,MAAM,CAAC;4BACZ,OAAO,EACL,uCAAuC,GAAG,SAAS,GAAG,SAAS;yBAClE,CAAC,CAAC;qBACJ;oBAED,OAAO,CAAC,IAAI,CAAC,CAAC;gBAChB,CAAC,CAAA,CAAC;qBACD,KAAK,CAAC,CAAC,KAAK,EAAE,EAAE;oBACf,MAAM,CAAC,KAAK,CAAC,CAAC;gBAChB,CAAC,CAAC,CAAC;YACP,CAAC,CAAC,CAAC;QACL,CAAC;KAAA;CACF;AAxRD,8BAwRC"},"all":true},"c:\\Users\\milos\\Desktop\\projects\\diplomski-app\\backend\\dist\\common\\IAdapterOptions.interface.js":{"path":"c:\\Users\\milos\\Desktop\\projects\\diplomski-app\\backend\\dist\\common\\IAdapterOptions.interface.js","statementMap":{"0":{"start":{"line":2,"column":0},"end":{"line":2,"column":62}}},"fnMap":{},"branchMap":{},"s":{"0":0},"f":{},"b":{},"inputSourceMap":{"version":3,"file":"IAdapterOptions.interface.js","sourceRoot":"","sources":["../../src/common/IAdapterOptions.interface.ts"],"names":[],"mappings":""},"all":true},"c:\\Users\\milos\\Desktop\\projects\\diplomski-app\\backend\\dist\\common\\IApplicationResources.interface.js":{"path":"c:\\Users\\milos\\Desktop\\projects\\diplomski-app\\backend\\dist\\common\\IApplicationResources.interface.js","statementMap":{"0":{"start":{"line":2,"column":0},"end":{"line":2,"column":62}}},"fnMap":{},"branchMap":{},"s":{"0":0},"f":{},"b":{},"inputSourceMap":{"version":3,"file":"IApplicationResources.interface.js","sourceRoot":"","sources":["../../src/common/IApplicationResources.interface.ts"],"names":[],"mappings":""},"all":true},"c:\\Users\\milos\\Desktop\\projects\\diplomski-app\\backend\\dist\\common\\IConfig.interface.js":{"path":"c:\\Users\\milos\\Desktop\\projects\\diplomski-app\\backend\\dist\\common\\IConfig.interface.js","statementMap":{"0":{"start":{"line":2,"column":0},"end":{"line":2,"column":62}}},"fnMap":{},"branchMap":{},"s":{"0":0},"f":{},"b":{},"inputSourceMap":{"version":3,"file":"IConfig.interface.js","sourceRoot":"","sources":["../../src/common/IConfig.interface.ts"],"names":[],"mappings":""},"all":true},"c:\\Users\\milos\\Desktop\\projects\\diplomski-app\\backend\\dist\\common\\IModel.interface.js":{"path":"c:\\Users\\milos\\Desktop\\projects\\diplomski-app\\backend\\dist\\common\\IModel.interface.js","statementMap":{"0":{"start":{"line":2,"column":0},"end":{"line":2,"column":62}}},"fnMap":{},"branchMap":{},"s":{"0":0},"f":{},"b":{},"inputSourceMap":{"version":3,"file":"IModel.interface.js","sourceRoot":"","sources":["../../src/common/IModel.interface.ts"],"names":[],"mappings":""},"all":true},"c:\\Users\\milos\\Desktop\\projects\\diplomski-app\\backend\\dist\\common\\IRouter.interface.js":{"path":"c:\\Users\\milos\\Desktop\\projects\\diplomski-app\\backend\\dist\\common\\IRouter.interface.js","statementMap":{"0":{"start":{"line":2,"column":0},"end":{"line":2,"column":62}}},"fnMap":{},"branchMap":{},"s":{"0":0},"f":{},"b":{},"inputSourceMap":{"version":3,"file":"IRouter.interface.js","sourceRoot":"","sources":["../../src/common/IRouter.interface.ts"],"names":[],"mappings":""},"all":true},"c:\\Users\\milos\\Desktop\\projects\\diplomski-app\\backend\\dist\\common\\IServiceData.interface.js":{"path":"c:\\Users\\milos\\Desktop\\projects\\diplomski-app\\backend\\dist\\common\\IServiceData.interface.js","statementMap":{"0":{"start":{"line":2,"column":0},"end":{"line":2,"column":62}}},"fnMap":{},"branchMap":{},"s":{"0":0},"f":{},"b":{},"inputSourceMap":{"version":3,"file":"IServiceData.interface.js","sourceRoot":"","sources":["../../src/common/IServiceData.interface.ts"],"names":[],"mappings":""},"all":true},"c:\\Users\\milos\\Desktop\\projects\\diplomski-app\\backend\\dist\\common\\StatusError.js":{"path":"c:\\Users\\milos\\Desktop\\projects\\diplomski-app\\backend\\dist\\common\\StatusError.js","statementMap":{"0":{"start":{"line":2,"column":0},"end":{"line":2,"column":62}},"1":{"start":{"line":5,"column":8},"end":{"line":5,"column":23}},"2":{"start":{"line":6,"column":8},"end":{"line":6,"column":29}},"3":{"start":{"line":7,"column":8},"end":{"line":7,"column":59}},"4":{"start":{"line":10,"column":0},"end":{"line":10,"column":30}}},"fnMap":{"0":{"name":"(anonymous_0)","decl":{"start":{"line":4,"column":4},"end":{"line":4,"column":5}},"loc":{"start":{"line":4,"column":33},"end":{"line":8,"column":5}},"line":4}},"branchMap":{},"s":{"0":0,"1":0,"2":0,"3":0,"4":0},"f":{"0":0},"b":{},"inputSourceMap":{"version":3,"file":"StatusError.js","sourceRoot":"","sources":["../../src/common/StatusError.ts"],"names":[],"mappings":";;AAAA,MAAqB,WAAY,SAAQ,KAAK;IAG5C,YAAY,MAAc,EAAE,OAAe;QACzC,KAAK,CAAC,OAAO,CAAC,CAAC;QACf,IAAI,CAAC,MAAM,GAAG,MAAM,CAAC;QAErB,MAAM,CAAC,cAAc,CAAC,IAAI,EAAE,WAAW,CAAC,SAAS,CAAC,CAAC;IACrD,CAAC;CACF;AATD,8BASC"},"all":true},"c:\\Users\\milos\\Desktop\\projects\\diplomski-app\\backend\\dist\\components\\administrator\\AdministratorController.controller.js":{"path":"c:\\Users\\milos\\Desktop\\projects\\diplomski-app\\backend\\dist\\components\\administrator\\AdministratorController.controller.js","statementMap":{"0":{"start":{"line":2,"column":16},"end":{"line":10,"column":1}},"1":{"start":{"line":3,"column":28},"end":{"line":3,"column":110}},"2":{"start":{"line":3,"column":91},"end":{"line":3,"column":106}},"3":{"start":{"line":4,"column":4},"end":{"line":9,"column":7}},"4":{"start":{"line":5,"column":36},"end":{"line":5,"column":97}},"5":{"start":{"line":5,"column":42},"end":{"line":5,"column":70}},"6":{"start":{"line":5,"column":85},"end":{"line":5,"column":95}},"7":{"start":{"line":6,"column":35},"end":{"line":6,"column":100}},"8":{"start":{"line":6,"column":41},"end":{"line":6,"column":73}},"9":{"start":{"line":6,"column":88},"end":{"line":6,"column":98}},"10":{"start":{"line":7,"column":32},"end":{"line":7,"column":116}},"11":{"start":{"line":8,"column":8},"end":{"line":8,"column":78}},"12":{"start":{"line":11,"column":0},"end":{"line":11,"column":62}},"13":{"start":{"line":12,"column":25},"end":{"line":12,"column":63}},"14":{"start":{"line":13,"column":32},"end":{"line":13,"column":70}},"15":{"start":{"line":14,"column":15},"end":{"line":14,"column":32}},"16":{"start":{"line":15,"column":39},"end":{"line":15,"column":80}},"17":{"start":{"line":16,"column":22},"end":{"line":16,"column":57}},"18":{"start":{"line":17,"column":33},"end":{"line":17,"column":72}},"19":{"start":{"line":18,"column":19},"end":{"line":18,"column":41}},"20":{"start":{"line":21,"column":8},"end":{"line":32,"column":11}},"21":{"start":{"line":26,"column":12},"end":{"line":26,"column":29}},"22":{"start":{"line":29,"column":12},"end":{"line":31,"column":20}},"23":{"start":{"line":30,"column":16},"end":{"line":30,"column":98}},"24":{"start":{"line":36,"column":32},"end":{"line":36,"column":96}},"25":{"start":{"line":37,"column":8},"end":{"line":52,"column":11}},"26":{"start":{"line":42,"column":12},"end":{"line":44,"column":13}},"27":{"start":{"line":43,"column":16},"end":{"line":43,"column":88}},"28":{"start":{"line":45,"column":12},"end":{"line":45,"column":29}},"29":{"start":{"line":48,"column":12},"end":{"line":51,"column":20}},"30":{"start":{"line":50,"column":16},"end":{"line":50,"column":197}},"31":{"start":{"line":56,"column":25},"end":{"line":56,"column":92}},"32":{"start":{"line":57,"column":8},"end":{"line":72,"column":11}},"33":{"start":{"line":62,"column":12},"end":{"line":64,"column":13}},"34":{"start":{"line":63,"column":16},"end":{"line":63,"column":88}},"35":{"start":{"line":65,"column":12},"end":{"line":65,"column":29}},"36":{"start":{"line":68,"column":12},"end":{"line":71,"column":20}},"37":{"start":{"line":70,"column":16},"end":{"line":70,"column":197}},"38":{"start":{"line":75,"column":21},"end":{"line":75,"column":29}},"39":{"start":{"line":76,"column":8},"end":{"line":79,"column":9}},"40":{"start":{"line":77,"column":31},"end":{"line":77,"column":115}},"41":{"start":{"line":78,"column":12},"end":{"line":78,"column":52}},"42":{"start":{"line":80,"column":29},"end":{"line":80,"column":63}},"43":{"start":{"line":81,"column":8},"end":{"line":98,"column":12}},"44":{"start":{"line":84,"column":12},"end":{"line":87,"column":15}},"45":{"start":{"line":89,"column":30},"end":{"line":92,"column":10}},"46":{"start":{"line":90,"column":12},"end":{"line":90,"column":62}},"47":{"start":{"line":91,"column":12},"end":{"line":91,"column":29}},"48":{"start":{"line":93,"column":30},"end":{"line":98,"column":10}},"49":{"start":{"line":94,"column":12},"end":{"line":94,"column":64}},"50":{"start":{"line":95,"column":12},"end":{"line":97,"column":20}},"51":{"start":{"line":96,"column":16},"end":{"line":96,"column":98}},"52":{"start":{"line":102,"column":32},"end":{"line":102,"column":96}},"53":{"start":{"line":103,"column":21},"end":{"line":103,"column":29}},"54":{"start":{"line":104,"column":8},"end":{"line":107,"column":9}},"55":{"start":{"line":105,"column":31},"end":{"line":105,"column":117}},"56":{"start":{"line":106,"column":12},"end":{"line":106,"column":52}},"57":{"start":{"line":108,"column":28},"end":{"line":108,"column":30}},"58":{"start":{"line":109,"column":8},"end":{"line":112,"column":9}},"59":{"start":{"line":110,"column":33},"end":{"line":110,"column":67}},"60":{"start":{"line":111,"column":12},"end":{"line":111,"column":53}},"61":{"start":{"line":113,"column":8},"end":{"line":115,"column":9}},"62":{"start":{"line":114,"column":12},"end":{"line":114,"column":58}},"63":{"start":{"line":116,"column":8},"end":{"line":130,"column":12}},"64":{"start":{"line":119,"column":12},"end":{"line":119,"column":153}},"65":{"start":{"line":121,"column":30},"end":{"line":124,"column":10}},"66":{"start":{"line":122,"column":12},"end":{"line":122,"column":62}},"67":{"start":{"line":123,"column":12},"end":{"line":123,"column":29}},"68":{"start":{"line":125,"column":30},"end":{"line":130,"column":10}},"69":{"start":{"line":126,"column":12},"end":{"line":126,"column":64}},"70":{"start":{"line":127,"column":12},"end":{"line":129,"column":20}},"71":{"start":{"line":128,"column":16},"end":{"line":128,"column":98}},"72":{"start":{"line":133,"column":0},"end":{"line":133,"column":42}}},"fnMap":{"0":{"name":"(anonymous_0)","decl":{"start":{"line":2,"column":44},"end":{"line":2,"column":45}},"loc":{"start":{"line":2,"column":89},"end":{"line":10,"column":1}},"line":2},"1":{"name":"adopt","decl":{"start":{"line":3,"column":13},"end":{"line":3,"column":18}},"loc":{"start":{"line":3,"column":26},"end":{"line":3,"column":112}},"line":3},"2":{"name":"(anonymous_2)","decl":{"start":{"line":3,"column":70},"end":{"line":3,"column":71}},"loc":{"start":{"line":3,"column":89},"end":{"line":3,"column":108}},"line":3},"3":{"name":"(anonymous_3)","decl":{"start":{"line":4,"column":36},"end":{"line":4,"column":37}},"loc":{"start":{"line":4,"column":63},"end":{"line":9,"column":5}},"line":4},"4":{"name":"fulfilled","decl":{"start":{"line":5,"column":17},"end":{"line":5,"column":26}},"loc":{"start":{"line":5,"column":34},"end":{"line":5,"column":99}},"line":5},"5":{"name":"rejected","decl":{"start":{"line":6,"column":17},"end":{"line":6,"column":25}},"loc":{"start":{"line":6,"column":33},"end":{"line":6,"column":102}},"line":6},"6":{"name":"step","decl":{"start":{"line":7,"column":17},"end":{"line":7,"column":21}},"loc":{"start":{"line":7,"column":30},"end":{"line":7,"column":118}},"line":7},"7":{"name":"(anonymous_7)","decl":{"start":{"line":20,"column":4},"end":{"line":20,"column":5}},"loc":{"start":{"line":20,"column":22},"end":{"line":33,"column":5}},"line":20},"8":{"name":"(anonymous_8)","decl":{"start":{"line":25,"column":18},"end":{"line":25,"column":19}},"loc":{"start":{"line":25,"column":30},"end":{"line":27,"column":9}},"line":25},"9":{"name":"(anonymous_9)","decl":{"start":{"line":28,"column":19},"end":{"line":28,"column":20}},"loc":{"start":{"line":28,"column":30},"end":{"line":32,"column":9}},"line":28},"10":{"name":"(anonymous_10)","decl":{"start":{"line":29,"column":23},"end":{"line":29,"column":24}},"loc":{"start":{"line":29,"column":29},"end":{"line":31,"column":13}},"line":29},"11":{"name":"(anonymous_11)","decl":{"start":{"line":34,"column":4},"end":{"line":34,"column":5}},"loc":{"start":{"line":34,"column":22},"end":{"line":53,"column":5}},"line":34},"12":{"name":"(anonymous_12)","decl":{"start":{"line":41,"column":18},"end":{"line":41,"column":19}},"loc":{"start":{"line":41,"column":30},"end":{"line":46,"column":9}},"line":41},"13":{"name":"(anonymous_13)","decl":{"start":{"line":47,"column":19},"end":{"line":47,"column":20}},"loc":{"start":{"line":47,"column":30},"end":{"line":52,"column":9}},"line":47},"14":{"name":"(anonymous_14)","decl":{"start":{"line":48,"column":23},"end":{"line":48,"column":24}},"loc":{"start":{"line":48,"column":29},"end":{"line":51,"column":13}},"line":48},"15":{"name":"(anonymous_15)","decl":{"start":{"line":54,"column":4},"end":{"line":54,"column":5}},"loc":{"start":{"line":54,"column":28},"end":{"line":73,"column":5}},"line":54},"16":{"name":"(anonymous_16)","decl":{"start":{"line":61,"column":18},"end":{"line":61,"column":19}},"loc":{"start":{"line":61,"column":30},"end":{"line":66,"column":9}},"line":61},"17":{"name":"(anonymous_17)","decl":{"start":{"line":67,"column":19},"end":{"line":67,"column":20}},"loc":{"start":{"line":67,"column":30},"end":{"line":72,"column":9}},"line":67},"18":{"name":"(anonymous_18)","decl":{"start":{"line":68,"column":23},"end":{"line":68,"column":24}},"loc":{"start":{"line":68,"column":29},"end":{"line":71,"column":13}},"line":68},"19":{"name":"(anonymous_19)","decl":{"start":{"line":74,"column":4},"end":{"line":74,"column":5}},"loc":{"start":{"line":74,"column":18},"end":{"line":99,"column":5}},"line":74},"20":{"name":"(anonymous_20)","decl":{"start":{"line":83,"column":18},"end":{"line":83,"column":19}},"loc":{"start":{"line":83,"column":24},"end":{"line":88,"column":9}},"line":83},"21":{"name":"(anonymous_21)","decl":{"start":{"line":89,"column":18},"end":{"line":89,"column":19}},"loc":{"start":{"line":89,"column":30},"end":{"line":92,"column":10}},"line":89},"22":{"name":"(anonymous_22)","decl":{"start":{"line":89,"column":62},"end":{"line":89,"column":63}},"loc":{"start":{"line":89,"column":75},"end":{"line":92,"column":9}},"line":89},"23":{"name":"(anonymous_23)","decl":{"start":{"line":93,"column":19},"end":{"line":93,"column":20}},"loc":{"start":{"line":93,"column":30},"end":{"line":98,"column":10}},"line":93},"24":{"name":"(anonymous_24)","decl":{"start":{"line":93,"column":62},"end":{"line":93,"column":63}},"loc":{"start":{"line":93,"column":75},"end":{"line":98,"column":9}},"line":93},"25":{"name":"(anonymous_25)","decl":{"start":{"line":95,"column":23},"end":{"line":95,"column":24}},"loc":{"start":{"line":95,"column":29},"end":{"line":97,"column":13}},"line":95},"26":{"name":"(anonymous_26)","decl":{"start":{"line":100,"column":4},"end":{"line":100,"column":5}},"loc":{"start":{"line":100,"column":23},"end":{"line":131,"column":5}},"line":100},"27":{"name":"(anonymous_27)","decl":{"start":{"line":118,"column":18},"end":{"line":118,"column":19}},"loc":{"start":{"line":118,"column":24},"end":{"line":120,"column":9}},"line":118},"28":{"name":"(anonymous_28)","decl":{"start":{"line":121,"column":18},"end":{"line":121,"column":19}},"loc":{"start":{"line":121,"column":30},"end":{"line":124,"column":10}},"line":121},"29":{"name":"(anonymous_29)","decl":{"start":{"line":121,"column":62},"end":{"line":121,"column":63}},"loc":{"start":{"line":121,"column":75},"end":{"line":124,"column":9}},"line":121},"30":{"name":"(anonymous_30)","decl":{"start":{"line":125,"column":19},"end":{"line":125,"column":20}},"loc":{"start":{"line":125,"column":30},"end":{"line":130,"column":10}},"line":125},"31":{"name":"(anonymous_31)","decl":{"start":{"line":125,"column":62},"end":{"line":125,"column":63}},"loc":{"start":{"line":125,"column":75},"end":{"line":130,"column":9}},"line":125},"32":{"name":"(anonymous_32)","decl":{"start":{"line":127,"column":23},"end":{"line":127,"column":24}},"loc":{"start":{"line":127,"column":29},"end":{"line":129,"column":13}},"line":127}},"branchMap":{"0":{"loc":{"start":{"line":2,"column":16},"end":{"line":10,"column":1}},"type":"binary-expr","locations":[{"start":{"line":2,"column":17},"end":{"line":2,"column":21}},{"start":{"line":2,"column":25},"end":{"line":2,"column":39}},{"start":{"line":2,"column":44},"end":{"line":10,"column":1}}],"line":2},"1":{"loc":{"start":{"line":3,"column":35},"end":{"line":3,"column":109}},"type":"cond-expr","locations":[{"start":{"line":3,"column":56},"end":{"line":3,"column":61}},{"start":{"line":3,"column":64},"end":{"line":3,"column":109}}],"line":3},"2":{"loc":{"start":{"line":4,"column":16},"end":{"line":4,"column":34}},"type":"binary-expr","locations":[{"start":{"line":4,"column":16},"end":{"line":4,"column":17}},{"start":{"line":4,"column":22},"end":{"line":4,"column":33}}],"line":4},"3":{"loc":{"start":{"line":7,"column":32},"end":{"line":7,"column":115}},"type":"cond-expr","locations":[{"start":{"line":7,"column":46},"end":{"line":7,"column":67}},{"start":{"line":7,"column":70},"end":{"line":7,"column":115}}],"line":7},"4":{"loc":{"start":{"line":8,"column":51},"end":{"line":8,"column":67}},"type":"binary-expr","locations":[{"start":{"line":8,"column":51},"end":{"line":8,"column":61}},{"start":{"line":8,"column":65},"end":{"line":8,"column":67}}],"line":8},"5":{"loc":{"start":{"line":30,"column":37},"end":{"line":30,"column":96}},"type":"cond-expr","locations":[{"start":{"line":30,"column":74},"end":{"line":30,"column":80}},{"start":{"line":30,"column":83},"end":{"line":30,"column":96}}],"line":30},"6":{"loc":{"start":{"line":30,"column":37},"end":{"line":30,"column":71}},"type":"binary-expr","locations":[{"start":{"line":30,"column":37},"end":{"line":30,"column":51}},{"start":{"line":30,"column":55},"end":{"line":30,"column":71}}],"line":30},"7":{"loc":{"start":{"line":36,"column":34},"end":{"line":36,"column":95}},"type":"cond-expr","locations":[{"start":{"line":36,"column":80},"end":{"line":36,"column":86}},{"start":{"line":36,"column":89},"end":{"line":36,"column":95}}],"line":36},"8":{"loc":{"start":{"line":36,"column":34},"end":{"line":36,"column":77}},"type":"binary-expr","locations":[{"start":{"line":36,"column":34},"end":{"line":36,"column":60}},{"start":{"line":36,"column":64},"end":{"line":36,"column":77}}],"line":36},"9":{"loc":{"start":{"line":42,"column":12},"end":{"line":44,"column":13}},"type":"if","locations":[{"start":{"line":42,"column":12},"end":{"line":44,"column":13}},{"start":{"line":42,"column":12},"end":{"line":44,"column":13}}],"line":42},"10":{"loc":{"start":{"line":50,"column":27},"end":{"line":50,"column":129}},"type":"cond-expr","locations":[{"start":{"line":50,"column":121},"end":{"line":50,"column":123}},{"start":{"line":50,"column":126},"end":{"line":50,"column":129}}],"line":50},"11":{"loc":{"start":{"line":50,"column":27},"end":{"line":50,"column":118}},"type":"binary-expr","locations":[{"start":{"line":50,"column":27},"end":{"line":50,"column":101}},{"start":{"line":50,"column":105},"end":{"line":50,"column":118}}],"line":50},"12":{"loc":{"start":{"line":50,"column":33},"end":{"line":50,"column":91}},"type":"cond-expr","locations":[{"start":{"line":50,"column":70},"end":{"line":50,"column":76}},{"start":{"line":50,"column":79},"end":{"line":50,"column":91}}],"line":50},"13":{"loc":{"start":{"line":50,"column":33},"end":{"line":50,"column":67}},"type":"binary-expr","locations":[{"start":{"line":50,"column":33},"end":{"line":50,"column":47}},{"start":{"line":50,"column":51},"end":{"line":50,"column":67}}],"line":50},"14":{"loc":{"start":{"line":50,"column":136},"end":{"line":50,"column":195}},"type":"cond-expr","locations":[{"start":{"line":50,"column":173},"end":{"line":50,"column":179}},{"start":{"line":50,"column":182},"end":{"line":50,"column":195}}],"line":50},"15":{"loc":{"start":{"line":50,"column":136},"end":{"line":50,"column":170}},"type":"binary-expr","locations":[{"start":{"line":50,"column":136},"end":{"line":50,"column":150}},{"start":{"line":50,"column":154},"end":{"line":50,"column":170}}],"line":50},"16":{"loc":{"start":{"line":56,"column":25},"end":{"line":56,"column":92}},"type":"cond-expr","locations":[{"start":{"line":56,"column":71},"end":{"line":56,"column":77}},{"start":{"line":56,"column":80},"end":{"line":56,"column":92}}],"line":56},"17":{"loc":{"start":{"line":56,"column":25},"end":{"line":56,"column":68}},"type":"binary-expr","locations":[{"start":{"line":56,"column":25},"end":{"line":56,"column":51}},{"start":{"line":56,"column":55},"end":{"line":56,"column":68}}],"line":56},"18":{"loc":{"start":{"line":62,"column":12},"end":{"line":64,"column":13}},"type":"if","locations":[{"start":{"line":62,"column":12},"end":{"line":64,"column":13}},{"start":{"line":62,"column":12},"end":{"line":64,"column":13}}],"line":62},"19":{"loc":{"start":{"line":70,"column":27},"end":{"line":70,"column":129}},"type":"cond-expr","locations":[{"start":{"line":70,"column":121},"end":{"line":70,"column":123}},{"start":{"line":70,"column":126},"end":{"line":70,"column":129}}],"line":70},"20":{"loc":{"start":{"line":70,"column":27},"end":{"line":70,"column":118}},"type":"binary-expr","locations":[{"start":{"line":70,"column":27},"end":{"line":70,"column":101}},{"start":{"line":70,"column":105},"end":{"line":70,"column":118}}],"line":70},"21":{"loc":{"start":{"line":70,"column":33},"end":{"line":70,"column":91}},"type":"cond-expr","locations":[{"start":{"line":70,"column":70},"end":{"line":70,"column":76}},{"start":{"line":70,"column":79},"end":{"line":70,"column":91}}],"line":70},"22":{"loc":{"start":{"line":70,"column":33},"end":{"line":70,"column":67}},"type":"binary-expr","locations":[{"start":{"line":70,"column":33},"end":{"line":70,"column":47}},{"start":{"line":70,"column":51},"end":{"line":70,"column":67}}],"line":70},"23":{"loc":{"start":{"line":70,"column":136},"end":{"line":70,"column":195}},"type":"cond-expr","locations":[{"start":{"line":70,"column":173},"end":{"line":70,"column":179}},{"start":{"line":70,"column":182},"end":{"line":70,"column":195}}],"line":70},"24":{"loc":{"start":{"line":70,"column":136},"end":{"line":70,"column":170}},"type":"binary-expr","locations":[{"start":{"line":70,"column":136},"end":{"line":70,"column":150}},{"start":{"line":70,"column":154},"end":{"line":70,"column":170}}],"line":70},"25":{"loc":{"start":{"line":76,"column":8},"end":{"line":79,"column":9}},"type":"if","locations":[{"start":{"line":76,"column":8},"end":{"line":79,"column":9}},{"start":{"line":76,"column":8},"end":{"line":79,"column":9}}],"line":76},"26":{"loc":{"start":{"line":96,"column":37},"end":{"line":96,"column":96}},"type":"cond-expr","locations":[{"start":{"line":96,"column":74},"end":{"line":96,"column":80}},{"start":{"line":96,"column":83},"end":{"line":96,"column":96}}],"line":96},"27":{"loc":{"start":{"line":96,"column":37},"end":{"line":96,"column":71}},"type":"binary-expr","locations":[{"start":{"line":96,"column":37},"end":{"line":96,"column":51}},{"start":{"line":96,"column":55},"end":{"line":96,"column":71}}],"line":96},"28":{"loc":{"start":{"line":102,"column":34},"end":{"line":102,"column":95}},"type":"cond-expr","locations":[{"start":{"line":102,"column":80},"end":{"line":102,"column":86}},{"start":{"line":102,"column":89},"end":{"line":102,"column":95}}],"line":102},"29":{"loc":{"start":{"line":102,"column":34},"end":{"line":102,"column":77}},"type":"binary-expr","locations":[{"start":{"line":102,"column":34},"end":{"line":102,"column":60}},{"start":{"line":102,"column":64},"end":{"line":102,"column":77}}],"line":102},"30":{"loc":{"start":{"line":104,"column":8},"end":{"line":107,"column":9}},"type":"if","locations":[{"start":{"line":104,"column":8},"end":{"line":107,"column":9}},{"start":{"line":104,"column":8},"end":{"line":107,"column":9}}],"line":104},"31":{"loc":{"start":{"line":109,"column":8},"end":{"line":112,"column":9}},"type":"if","locations":[{"start":{"line":109,"column":8},"end":{"line":112,"column":9}},{"start":{"line":109,"column":8},"end":{"line":112,"column":9}}],"line":109},"32":{"loc":{"start":{"line":113,"column":8},"end":{"line":115,"column":9}},"type":"if","locations":[{"start":{"line":113,"column":8},"end":{"line":115,"column":9}},{"start":{"line":113,"column":8},"end":{"line":115,"column":9}}],"line":113},"33":{"loc":{"start":{"line":114,"column":36},"end":{"line":114,"column":57}},"type":"cond-expr","locations":[{"start":{"line":114,"column":52},"end":{"line":114,"column":53}},{"start":{"line":114,"column":56},"end":{"line":114,"column":57}}],"line":114},"34":{"loc":{"start":{"line":128,"column":37},"end":{"line":128,"column":96}},"type":"cond-expr","locations":[{"start":{"line":128,"column":74},"end":{"line":128,"column":80}},{"start":{"line":128,"column":83},"end":{"line":128,"column":96}}],"line":128},"35":{"loc":{"start":{"line":128,"column":37},"end":{"line":128,"column":71}},"type":"binary-expr","locations":[{"start":{"line":128,"column":37},"end":{"line":128,"column":51}},{"start":{"line":128,"column":55},"end":{"line":128,"column":71}}],"line":128}},"s":{"0":0,"1":0,"2":0,"3":0,"4":0,"5":0,"6":0,"7":0,"8":0,"9":0,"10":0,"11":0,"12":0,"13":0,"14":0,"15":0,"16":0,"17":0,"18":0,"19":0,"20":0,"21":0,"22":0,"23":0,"24":0,"25":0,"26":0,"27":0,"28":0,"29":0,"30":0,"31":0,"32":0,"33":0,"34":0,"35":0,"36":0,"37":0,"38":0,"39":0,"40":0,"41":0,"42":0,"43":0,"44":0,"45":0,"46":0,"47":0,"48":0,"49":0,"50":0,"51":0,"52":0,"53":0,"54":0,"55":0,"56":0,"57":0,"58":0,"59":0,"60":0,"61":0,"62":0,"63":0,"64":0,"65":0,"66":0,"67":0,"68":0,"69":0,"70":0,"71":0,"72":0},"f":{"0":0,"1":0,"2":0,"3":0,"4":0,"5":0,"6":0,"7":0,"8":0,"9":0,"10":0,"11":0,"12":0,"13":0,"14":0,"15":0,"16":0,"17":0,"18":0,"19":0,"20":0,"21":0,"22":0,"23":0,"24":0,"25":0,"26":0,"27":0,"28":0,"29":0,"30":0,"31":0,"32":0},"b":{"0":[0,0,0],"1":[0,0],"2":[0,0],"3":[0,0],"4":[0,0],"5":[0,0],"6":[0,0],"7":[0,0],"8":[0,0],"9":[0,0],"10":[0,0],"11":[0,0],"12":[0,0],"13":[0,0],"14":[0,0],"15":[0,0],"16":[0,0],"17":[0,0],"18":[0,0],"19":[0,0],"20":[0,0],"21":[0,0],"22":[0,0],"23":[0,0],"24":[0,0],"25":[0,0],"26":[0,0],"27":[0,0],"28":[0,0],"29":[0,0],"30":[0,0],"31":[0,0],"32":[0,0],"33":[0,0],"34":[0,0],"35":[0,0]},"inputSourceMap":{"version":3,"file":"AdministratorController.controller.js","sourceRoot":"","sources":["../../../src/components/administrator/AdministratorController.controller.ts"],"names":[],"mappings":";;;;;;;;;;;AACA,gEAAyD;AACzD,uEAGqC;AACrC,iCAAiC;AACjC,iFAAoF;AACpF,0DAAmD;AACnD,yEAGsC;AACtC,0CAA2C;AAE3C,MAAqB,uBAAwB,SAAQ,wBAAc;IACjE,MAAM,CAAC,IAAa,EAAE,GAAa;QACjC,IAAI,CAAC,QAAQ,CAAC,aAAa;aACxB,MAAM,CAAC;YACN,cAAc,EAAE,IAAI;SACrB,CAAC;aACD,IAAI,CAAC,CAAC,MAAM,EAAE,EAAE;YACf,GAAG,CAAC,IAAI,CAAC,MAAM,CAAC,CAAC;QACnB,CAAC,CAAC;aACD,KAAK,CAAC,CAAC,KAAK,EAAE,EAAE;YACf,UAAU,CAAC,GAAG,EAAE;gBACd,GAAG,CAAC,MAAM,CAAC,GAAG,CAAC,CAAC,IAAI,CAAC,KAAK,aAAL,KAAK,uBAAL,KAAK,CAAE,OAAO,CAAC,CAAC;YACvC,CAAC,EAAE,GAAG,CAAC,CAAC;QACV,CAAC,CAAC,CAAC;IACP,CAAC;IAED,OAAO,CAAC,GAAY,EAAE,GAAa;;QACjC,MAAM,eAAe,GAAW,CAAC,CAAA,MAAA,GAAG,CAAC,MAAM,0CAAE,GAAG,CAAA,CAAC;QAEjD,IAAI,CAAC,QAAQ,CAAC,aAAa;aACxB,OAAO,CAAC,eAAe,EAAE;YACxB,cAAc,EAAE,IAAI;SACrB,CAAC;aACD,IAAI,CAAC,CAAC,MAAM,EAAE,EAAE;YACf,IAAI,MAAM,KAAK,IAAI,EAAE;gBACnB,MAAM,IAAI,qBAAW,CAAC,GAAG,EAAE,iCAAiC,CAAC,CAAC;aAC/D;YAED,GAAG,CAAC,IAAI,CAAC,MAAM,CAAC,CAAC;QACnB,CAAC,CAAC;aACD,KAAK,CAAC,CAAC,KAAK,EAAE,EAAE;YACf,UAAU,CAAC,GAAG,EAAE;;gBACd,GAAG,CAAC,MAAM,CAAC,MAAA,KAAK,aAAL,KAAK,uBAAL,KAAK,CAAE,MAAM,mCAAI,GAAG,CAAC,CAAC,IAAI,CAAC,KAAK,aAAL,KAAK,uBAAL,KAAK,CAAE,OAAO,CAAC,CAAC;YACxD,CAAC,EAAE,GAAG,CAAC,CAAC;QACV,CAAC,CAAC,CAAC;IACP,CAAC;IAED,aAAa,CAAC,GAAY,EAAE,GAAa;;QACvC,MAAM,QAAQ,GAAW,MAAA,GAAG,CAAC,MAAM,0CAAE,SAAS,CAAC;QAE/C,IAAI,CAAC,QAAQ,CAAC,aAAa;aACxB,aAAa,CAAC,QAAQ,EAAE;YACvB,cAAc,EAAE,IAAI;SACrB,CAAC;aACD,IAAI,CAAC,CAAC,MAAM,EAAE,EAAE;YACf,IAAI,MAAM,KAAK,IAAI,EAAE;gBACnB,MAAM,IAAI,qBAAW,CAAC,GAAG,EAAE,iCAAiC,CAAC,CAAC;aAC/D;YAED,GAAG,CAAC,IAAI,CAAC,MAAM,CAAC,CAAC;QACnB,CAAC,CAAC;aACD,KAAK,CAAC,CAAC,KAAK,EAAE,EAAE;YACf,UAAU,CAAC,GAAG,EAAE;;gBACd,GAAG,CAAC,MAAM,CAAC,MAAA,KAAK,aAAL,KAAK,uBAAL,KAAK,CAAE,MAAM,mCAAI,GAAG,CAAC,CAAC,IAAI,CAAC,KAAK,aAAL,KAAK,uBAAL,KAAK,CAAE,OAAO,CAAC,CAAC;YACxD,CAAC,EAAE,GAAG,CAAC,CAAC;QACV,CAAC,CAAC,CAAC;IACP,CAAC;IAED,GAAG,CAAC,GAAY,EAAE,GAAa;QAC7B,MAAM,IAAI,GAAG,GAAG,CAAC,IAA4B,CAAC;QAE9C,IAAI,CAAC,IAAA,iDAAyB,EAAC,IAAI,CAAC,EAAE;YACpC,MAAM,UAAU,GAAG,UAAU,CAC3B,IAAI,CAAC,SAAS,CAAC,iDAAyB,CAAC,MAAM,CAAC,CACjD,CAAC;YACF,OAAO,GAAG,CAAC,MAAM,CAAC,GAAG,CAAC,CAAC,IAAI,CAAC,UAAU,CAAC,CAAC;SACzC;QAED,MAAM,YAAY,GAAG,MAAM,CAAC,QAAQ,CAAC,IAAI,CAAC,QAAQ,EAAE,EAAE,CAAC,CAAC;QAExD,IAAI,CAAC,QAAQ,CAAC,aAAa;aACxB,gBAAgB,EAAE;aAClB,IAAI,CAAC,GAAG,EAAE;YACT,OAAO,IAAI,CAAC,QAAQ,CAAC,aAAa,CAAC,GAAG,CAAC;gBACrC,QAAQ,EAAE,IAAI,CAAC,QAAQ;gBACvB,aAAa,EAAE,YAAY;aAC5B,CAAC,CAAC;QACL,CAAC,CAAC;aACD,IAAI,CAAC,CAAO,MAAM,EAAE,EAAE;YACrB,MAAM,IAAI,CAAC,QAAQ,CAAC,aAAa,CAAC,aAAa,EAAE,CAAC;YAClD,GAAG,CAAC,IAAI,CAAC,MAAM,CAAC,CAAC;QACnB,CAAC,CAAA,CAAC;aACD,KAAK,CAAC,CAAO,KAAK,EAAE,EAAE;YACrB,MAAM,IAAI,CAAC,QAAQ,CAAC,aAAa,CAAC,eAAe,EAAE,CAAC;YACpD,UAAU,CAAC,GAAG,EAAE;gBACd,GAAG,CAAC,MAAM,CAAC,GAAG,CAAC,CAAC,IAAI,CAAC,KAAK,aAAL,KAAK,uBAAL,KAAK,CAAE,OAAO,CAAC,CAAC;YACvC,CAAC,EAAE,GAAG,CAAC,CAAC;QACV,CAAC,CAAA,CAAC,CAAC;IACP,CAAC;IAED,QAAQ,CAAC,GAAY,EAAE,GAAa;;QAClC,MAAM,eAAe,GAAW,CAAC,CAAA,MAAA,GAAG,CAAC,MAAM,0CAAE,GAAG,CAAA,CAAC;QACjD,MAAM,IAAI,GAAG,GAAG,CAAC,IAA6B,CAAC;QAE/C,IAAI,CAAC,IAAA,mDAA0B,EAAC,IAAI,CAAC,EAAE;YACrC,MAAM,UAAU,GAAG,UAAU,CAC3B,IAAI,CAAC,SAAS,CAAC,mDAA0B,CAAC,MAAM,CAAC,CAClD,CAAC;YACF,OAAO,GAAG,CAAC,MAAM,CAAC,GAAG,CAAC,CAAC,IAAI,CAAC,UAAU,CAAC,CAAC;SACzC;QAED,MAAM,WAAW,GAAuB,EAAE,CAAC;QAE3C,IAAI,IAAI,CAAC,QAAQ,KAAK,SAAS,EAAE;YAC/B,MAAM,YAAY,GAAG,MAAM,CAAC,QAAQ,CAAC,IAAI,CAAC,QAAQ,EAAE,EAAE,CAAC,CAAC;YACxD,WAAW,CAAC,aAAa,GAAG,YAAY,CAAC;SAC1C;QAED,IAAI,IAAI,CAAC,QAAQ,KAAK,SAAS,EAAE;YAC/B,WAAW,CAAC,SAAS,GAAG,IAAI,CAAC,QAAQ,CAAC,CAAC,CAAC,CAAC,CAAC,CAAC,CAAC,CAAC,CAAC;SAC/C;QAED,IAAI,CAAC,QAAQ,CAAC,aAAa;aACxB,gBAAgB,EAAE;aAClB,IAAI,CAAC,GAAG,EAAE;YACT,OAAO,IAAI,CAAC,QAAQ,CAAC,aAAa,CAAC,QAAQ,CACzC,eAAe,EACf,WAAW,EACX,iEAAkC,CACnC,CAAC;QACJ,CAAC,CAAC;aACD,IAAI,CAAC,CAAO,MAAM,EAAE,EAAE;YACrB,MAAM,IAAI,CAAC,QAAQ,CAAC,aAAa,CAAC,aAAa,EAAE,CAAC;YAClD,GAAG,CAAC,IAAI,CAAC,MAAM,CAAC,CAAC;QACnB,CAAC,CAAA,CAAC;aACD,KAAK,CAAC,CAAO,KAAK,EAAE,EAAE;YACrB,MAAM,IAAI,CAAC,QAAQ,CAAC,aAAa,CAAC,eAAe,EAAE,CAAC;YACpD,UAAU,CAAC,GAAG,EAAE;gBACd,GAAG,CAAC,MAAM,CAAC,GAAG,CAAC,CAAC,IAAI,CAAC,KAAK,aAAL,KAAK,uBAAL,KAAK,CAAE,OAAO,CAAC,CAAC;YACvC,CAAC,EAAE,GAAG,CAAC,CAAC;QACV,CAAC,CAAA,CAAC,CAAC;IACP,CAAC;CACF;AApID,0CAoIC"},"all":true},"c:\\Users\\milos\\Desktop\\projects\\diplomski-app\\backend\\dist\\components\\administrator\\AdministratorModel.model.js":{"path":"c:\\Users\\milos\\Desktop\\projects\\diplomski-app\\backend\\dist\\components\\administrator\\AdministratorModel.model.js","statementMap":{"0":{"start":{"line":2,"column":0},"end":{"line":2,"column":62}},"1":{"start":{"line":5,"column":0},"end":{"line":5,"column":37}}},"fnMap":{},"branchMap":{},"s":{"0":0,"1":0},"f":{},"b":{},"inputSourceMap":{"version":3,"file":"AdministratorModel.model.js","sourceRoot":"","sources":["../../../src/components/administrator/AdministratorModel.model.ts"],"names":[],"mappings":";;AAEA,MAAqB,kBAAkB;CAMtC;AAND,qCAMC"},"all":true},"c:\\Users\\milos\\Desktop\\projects\\diplomski-app\\backend\\dist\\components\\administrator\\AdministratorRouter.router.js":{"path":"c:\\Users\\milos\\Desktop\\projects\\diplomski-app\\backend\\dist\\components\\administrator\\AdministratorRouter.router.js","statementMap":{"0":{"start":{"line":2,"column":0},"end":{"line":2,"column":62}},"1":{"start":{"line":3,"column":25},"end":{"line":3,"column":67}},"2":{"start":{"line":4,"column":45},"end":{"line":4,"column":92}},"3":{"start":{"line":7,"column":40},"end":{"line":7,"column":108}},"4":{"start":{"line":8,"column":8},"end":{"line":8,"column":163}},"5":{"start":{"line":9,"column":8},"end":{"line":9,"column":169}},"6":{"start":{"line":10,"column":8},"end":{"line":10,"column":190}},"7":{"start":{"line":11,"column":8},"end":{"line":11,"column":161}},"8":{"start":{"line":12,"column":8},"end":{"line":12,"column":170}},"9":{"start":{"line":15,"column":0},"end":{"line":15,"column":38}}},"fnMap":{"0":{"name":"(anonymous_0)","decl":{"start":{"line":6,"column":4},"end":{"line":6,"column":5}},"loc":{"start":{"line":6,"column":40},"end":{"line":13,"column":5}},"line":6}},"branchMap":{},"s":{"0":0,"1":0,"2":0,"3":0,"4":0,"5":0,"6":0,"7":0,"8":0,"9":0},"f":{"0":0},"b":{},"inputSourceMap":{"version":3,"file":"AdministratorRouter.router.js","sourceRoot":"","sources":["../../../src/components/administrator/AdministratorRouter.router.ts"],"names":[],"mappings":";;AAGA,oEAA6D;AAC7D,6FAA2E;AAE3E,MAAqB,mBAAmB;IAC/B,WAAW,CAChB,WAAgC,EAChC,SAAgC;QAEhC,MAAM,uBAAuB,GAC3B,IAAI,4CAAuB,CAAC,SAAS,CAAC,QAAQ,CAAC,CAAC;QAElD,WAAW,CAAC,GAAG,CACb,oBAAoB,EACpB,wBAAc,CAAC,WAAW,CAAC,eAAe,CAAC,EAC3C,uBAAuB,CAAC,MAAM,CAAC,IAAI,CAAC,uBAAuB,CAAC,CAC7D,CAAC;QAEF,WAAW,CAAC,GAAG,CACb,yBAAyB,EACzB,wBAAc,CAAC,WAAW,CAAC,eAAe,CAAC,EAC3C,uBAAuB,CAAC,OAAO,CAAC,IAAI,CAAC,uBAAuB,CAAC,CAC9D,CAAC;QAEF,WAAW,CAAC,GAAG,CACb,wCAAwC,EACxC,wBAAc,CAAC,WAAW,CAAC,eAAe,CAAC,EAC3C,uBAAuB,CAAC,aAAa,CAAC,IAAI,CAAC,uBAAuB,CAAC,CACpE,CAAC;QAEF,WAAW,CAAC,IAAI,CACd,oBAAoB,EACpB,wBAAc,CAAC,WAAW,CAAC,eAAe,CAAC,EAC3C,uBAAuB,CAAC,GAAG,CAAC,IAAI,CAAC,uBAAuB,CAAC,CAC1D,CAAC;QAEF,WAAW,CAAC,GAAG,CACb,yBAAyB,EACzB,wBAAc,CAAC,WAAW,CAAC,eAAe,CAAC,EAC3C,uBAAuB,CAAC,QAAQ,CAAC,IAAI,CAAC,uBAAuB,CAAC,CAC/D,CAAC;IACJ,CAAC;CACF;AAtCD,sCAsCC"},"all":true},"c:\\Users\\milos\\Desktop\\projects\\diplomski-app\\backend\\dist\\components\\administrator\\AdministratorService.service.js":{"path":"c:\\Users\\milos\\Desktop\\projects\\diplomski-app\\backend\\dist\\components\\administrator\\AdministratorService.service.js","statementMap":{"0":{"start":{"line":2,"column":16},"end":{"line":10,"column":1}},"1":{"start":{"line":3,"column":28},"end":{"line":3,"column":110}},"2":{"start":{"line":3,"column":91},"end":{"line":3,"column":106}},"3":{"start":{"line":4,"column":4},"end":{"line":9,"column":7}},"4":{"start":{"line":5,"column":36},"end":{"line":5,"column":97}},"5":{"start":{"line":5,"column":42},"end":{"line":5,"column":70}},"6":{"start":{"line":5,"column":85},"end":{"line":5,"column":95}},"7":{"start":{"line":6,"column":35},"end":{"line":6,"column":100}},"8":{"start":{"line":6,"column":41},"end":{"line":6,"column":73}},"9":{"start":{"line":6,"column":88},"end":{"line":6,"column":98}},"10":{"start":{"line":7,"column":32},"end":{"line":7,"column":116}},"11":{"start":{"line":8,"column":8},"end":{"line":8,"column":78}},"12":{"start":{"line":11,"column":0},"end":{"line":11,"column":62}},"13":{"start":{"line":12,"column":0},"end":{"line":12,"column":91}},"14":{"start":{"line":13,"column":22},"end":{"line":13,"column":57}},"15":{"start":{"line":14,"column":35},"end":{"line":14,"column":72}},"16":{"start":{"line":17,"column":0},"end":{"line":17,"column":68}},"17":{"start":{"line":18,"column":0},"end":{"line":20,"column":2}},"18":{"start":{"line":23,"column":8},"end":{"line":23,"column":31}},"19":{"start":{"line":26,"column":8},"end":{"line":37,"column":11}},"20":{"start":{"line":27,"column":34},"end":{"line":27,"column":74}},"21":{"start":{"line":28,"column":12},"end":{"line":28,"column":113}},"22":{"start":{"line":29,"column":12},"end":{"line":29,"column":95}},"23":{"start":{"line":30,"column":12},"end":{"line":30,"column":104}},"24":{"start":{"line":31,"column":12},"end":{"line":31,"column":98}},"25":{"start":{"line":32,"column":12},"end":{"line":32,"column":105}},"26":{"start":{"line":33,"column":12},"end":{"line":35,"column":13}},"27":{"start":{"line":34,"column":16},"end":{"line":34,"column":50}},"28":{"start":{"line":36,"column":12},"end":{"line":36,"column":33}},"29":{"start":{"line":40,"column":8},"end":{"line":42,"column":11}},"30":{"start":{"line":41,"column":12},"end":{"line":41,"column":82}},"31":{"start":{"line":45,"column":8},"end":{"line":47,"column":11}},"32":{"start":{"line":46,"column":12},"end":{"line":46,"column":69}},"33":{"start":{"line":50,"column":8},"end":{"line":63,"column":11}},"34":{"start":{"line":51,"column":12},"end":{"line":62,"column":15}},"35":{"start":{"line":52,"column":16},"end":{"line":61,"column":19}},"36":{"start":{"line":54,"column":20},"end":{"line":56,"column":21}},"37":{"start":{"line":55,"column":24},"end":{"line":55,"column":45}},"38":{"start":{"line":57,"column":20},"end":{"line":57,"column":39}},"39":{"start":{"line":60,"column":20},"end":{"line":60,"column":34}},"40":{"start":{"line":66,"column":0},"end":{"line":66,"column":39}}},"fnMap":{"0":{"name":"(anonymous_0)","decl":{"start":{"line":2,"column":44},"end":{"line":2,"column":45}},"loc":{"start":{"line":2,"column":89},"end":{"line":10,"column":1}},"line":2},"1":{"name":"adopt","decl":{"start":{"line":3,"column":13},"end":{"line":3,"column":18}},"loc":{"start":{"line":3,"column":26},"end":{"line":3,"column":112}},"line":3},"2":{"name":"(anonymous_2)","decl":{"start":{"line":3,"column":70},"end":{"line":3,"column":71}},"loc":{"start":{"line":3,"column":89},"end":{"line":3,"column":108}},"line":3},"3":{"name":"(anonymous_3)","decl":{"start":{"line":4,"column":36},"end":{"line":4,"column":37}},"loc":{"start":{"line":4,"column":63},"end":{"line":9,"column":5}},"line":4},"4":{"name":"fulfilled","decl":{"start":{"line":5,"column":17},"end":{"line":5,"column":26}},"loc":{"start":{"line":5,"column":34},"end":{"line":5,"column":99}},"line":5},"5":{"name":"rejected","decl":{"start":{"line":6,"column":17},"end":{"line":6,"column":25}},"loc":{"start":{"line":6,"column":33},"end":{"line":6,"column":102}},"line":6},"6":{"name":"step","decl":{"start":{"line":7,"column":17},"end":{"line":7,"column":21}},"loc":{"start":{"line":7,"column":30},"end":{"line":7,"column":118}},"line":7},"7":{"name":"(anonymous_7)","decl":{"start":{"line":22,"column":4},"end":{"line":22,"column":5}},"loc":{"start":{"line":22,"column":16},"end":{"line":24,"column":5}},"line":22},"8":{"name":"(anonymous_8)","decl":{"start":{"line":25,"column":4},"end":{"line":25,"column":5}},"loc":{"start":{"line":25,"column":77},"end":{"line":38,"column":5}},"line":25},"9":{"name":"(anonymous_9)","decl":{"start":{"line":26,"column":47},"end":{"line":26,"column":48}},"loc":{"start":{"line":26,"column":60},"end":{"line":37,"column":9}},"line":26},"10":{"name":"(anonymous_10)","decl":{"start":{"line":39,"column":4},"end":{"line":39,"column":5}},"loc":{"start":{"line":39,"column":14},"end":{"line":43,"column":5}},"line":39},"11":{"name":"(anonymous_11)","decl":{"start":{"line":40,"column":47},"end":{"line":40,"column":48}},"loc":{"start":{"line":40,"column":60},"end":{"line":42,"column":9}},"line":40},"12":{"name":"(anonymous_12)","decl":{"start":{"line":44,"column":4},"end":{"line":44,"column":5}},"loc":{"start":{"line":44,"column":45},"end":{"line":48,"column":5}},"line":44},"13":{"name":"(anonymous_13)","decl":{"start":{"line":45,"column":47},"end":{"line":45,"column":48}},"loc":{"start":{"line":45,"column":60},"end":{"line":47,"column":9}},"line":45},"14":{"name":"(anonymous_14)","decl":{"start":{"line":49,"column":4},"end":{"line":49,"column":5}},"loc":{"start":{"line":49,"column":37},"end":{"line":64,"column":5}},"line":49},"15":{"name":"(anonymous_15)","decl":{"start":{"line":50,"column":47},"end":{"line":50,"column":48}},"loc":{"start":{"line":50,"column":60},"end":{"line":63,"column":9}},"line":50},"16":{"name":"(anonymous_16)","decl":{"start":{"line":51,"column":31},"end":{"line":51,"column":32}},"loc":{"start":{"line":51,"column":52},"end":{"line":62,"column":13}},"line":51},"17":{"name":"(anonymous_17)","decl":{"start":{"line":53,"column":26},"end":{"line":53,"column":27}},"loc":{"start":{"line":53,"column":38},"end":{"line":58,"column":17}},"line":53},"18":{"name":"(anonymous_18)","decl":{"start":{"line":59,"column":27},"end":{"line":59,"column":28}},"loc":{"start":{"line":59,"column":38},"end":{"line":61,"column":17}},"line":59}},"branchMap":{"0":{"loc":{"start":{"line":2,"column":16},"end":{"line":10,"column":1}},"type":"binary-expr","locations":[{"start":{"line":2,"column":17},"end":{"line":2,"column":21}},{"start":{"line":2,"column":25},"end":{"line":2,"column":39}},{"start":{"line":2,"column":44},"end":{"line":10,"column":1}}],"line":2},"1":{"loc":{"start":{"line":3,"column":35},"end":{"line":3,"column":109}},"type":"cond-expr","locations":[{"start":{"line":3,"column":56},"end":{"line":3,"column":61}},{"start":{"line":3,"column":64},"end":{"line":3,"column":109}}],"line":3},"2":{"loc":{"start":{"line":4,"column":16},"end":{"line":4,"column":34}},"type":"binary-expr","locations":[{"start":{"line":4,"column":16},"end":{"line":4,"column":17}},{"start":{"line":4,"column":22},"end":{"line":4,"column":33}}],"line":4},"3":{"loc":{"start":{"line":7,"column":32},"end":{"line":7,"column":115}},"type":"cond-expr","locations":[{"start":{"line":7,"column":46},"end":{"line":7,"column":67}},{"start":{"line":7,"column":70},"end":{"line":7,"column":115}}],"line":7},"4":{"loc":{"start":{"line":8,"column":51},"end":{"line":8,"column":67}},"type":"binary-expr","locations":[{"start":{"line":8,"column":51},"end":{"line":8,"column":61}},{"start":{"line":8,"column":65},"end":{"line":8,"column":67}}],"line":8},"5":{"loc":{"start":{"line":25,"column":23},"end":{"line":25,"column":75}},"type":"default-arg","locations":[{"start":{"line":25,"column":33},"end":{"line":25,"column":75}}],"line":25},"6":{"loc":{"start":{"line":28,"column":46},"end":{"line":28,"column":111}},"type":"cond-expr","locations":[{"start":{"line":28,"column":81},"end":{"line":28,"column":87}},{"start":{"line":28,"column":90},"end":{"line":28,"column":111}}],"line":28},"7":{"loc":{"start":{"line":28,"column":46},"end":{"line":28,"column":78}},"type":"binary-expr","locations":[{"start":{"line":28,"column":46},"end":{"line":28,"column":59}},{"start":{"line":28,"column":63},"end":{"line":28,"column":78}}],"line":28},"8":{"loc":{"start":{"line":29,"column":37},"end":{"line":29,"column":94}},"type":"cond-expr","locations":[{"start":{"line":29,"column":72},"end":{"line":29,"column":78}},{"start":{"line":29,"column":81},"end":{"line":29,"column":94}}],"line":29},"9":{"loc":{"start":{"line":29,"column":37},"end":{"line":29,"column":69}},"type":"binary-expr","locations":[{"start":{"line":29,"column":37},"end":{"line":29,"column":50}},{"start":{"line":29,"column":54},"end":{"line":29,"column":69}}],"line":29},"10":{"loc":{"start":{"line":30,"column":41},"end":{"line":30,"column":103}},"type":"cond-expr","locations":[{"start":{"line":30,"column":76},"end":{"line":30,"column":82}},{"start":{"line":30,"column":85},"end":{"line":30,"column":103}}],"line":30},"11":{"loc":{"start":{"line":30,"column":41},"end":{"line":30,"column":73}},"type":"binary-expr","locations":[{"start":{"line":30,"column":41},"end":{"line":30,"column":54}},{"start":{"line":30,"column":58},"end":{"line":30,"column":73}}],"line":30},"12":{"loc":{"start":{"line":31,"column":38},"end":{"line":31,"column":97}},"type":"cond-expr","locations":[{"start":{"line":31,"column":73},"end":{"line":31,"column":79}},{"start":{"line":31,"column":82},"end":{"line":31,"column":97}}],"line":31},"13":{"loc":{"start":{"line":31,"column":38},"end":{"line":31,"column":70}},"type":"binary-expr","locations":[{"start":{"line":31,"column":38},"end":{"line":31,"column":51}},{"start":{"line":31,"column":55},"end":{"line":31,"column":70}}],"line":31},"14":{"loc":{"start":{"line":32,"column":39},"end":{"line":32,"column":97}},"type":"cond-expr","locations":[{"start":{"line":32,"column":74},"end":{"line":32,"column":80}},{"start":{"line":32,"column":83},"end":{"line":32,"column":97}}],"line":32},"15":{"loc":{"start":{"line":32,"column":39},"end":{"line":32,"column":71}},"type":"binary-expr","locations":[{"start":{"line":32,"column":39},"end":{"line":32,"column":52}},{"start":{"line":32,"column":56},"end":{"line":32,"column":71}}],"line":32},"16":{"loc":{"start":{"line":33,"column":12},"end":{"line":35,"column":13}},"type":"if","locations":[{"start":{"line":33,"column":12},"end":{"line":35,"column":13}},{"start":{"line":33,"column":12},"end":{"line":35,"column":13}}],"line":33},"17":{"loc":{"start":{"line":54,"column":20},"end":{"line":56,"column":21}},"type":"if","locations":[{"start":{"line":54,"column":20},"end":{"line":56,"column":21}},{"start":{"line":54,"column":20},"end":{"line":56,"column":21}}],"line":54}},"s":{"0":0,"1":0,"2":0,"3":0,"4":0,"5":0,"6":0,"7":0,"8":0,"9":0,"10":0,"11":0,"12":0,"13":0,"14":0,"15":0,"16":0,"17":0,"18":0,"19":0,"20":0,"21":0,"22":0,"23":0,"24":0,"25":0,"26":0,"27":0,"28":0,"29":0,"30":0,"31":0,"32":0,"33":0,"34":0,"35":0,"36":0,"37":0,"38":0,"39":0,"40":0},"f":{"0":0,"1":0,"2":0,"3":0,"4":0,"5":0,"6":0,"7":0,"8":0,"9":0,"10":0,"11":0,"12":0,"13":0,"14":0,"15":0,"16":0,"17":0,"18":0},"b":{"0":[0,0,0],"1":[0,0],"2":[0,0],"3":[0,0],"4":[0,0],"5":[0],"6":[0,0],"7":[0,0],"8":[0,0],"9":[0,0],"10":[0,0],"11":[0,0],"12":[0,0],"13":[0,0],"14":[0,0],"15":[0,0],"16":[0,0],"17":[0,0]},"inputSourceMap":{"version":3,"file":"AdministratorService.service.js","sourceRoot":"","sources":["../../../src/components/administrator/AdministratorService.service.ts"],"names":[],"mappings":";;;;;;;;;;;;AAAA,0DAAmD;AAEnD,yEAA4D;AAI5D,MAAa,4BAA4B;CAExC;AAFD,oEAEC;AAEY,QAAA,kCAAkC,GAC7C;IACE,cAAc,EAAE,KAAK;CACtB,CAAC;AAEJ,MAAqB,oBAAqB,SAAQ,qBAGjD;IACC,SAAS;QACP,OAAO,eAAe,CAAC;IACzB,CAAC;IAEe,YAAY,CAC1B,IAAS,EACT,UAAwC,0CAAkC;;YAE1E,MAAM,aAAa,GAAG,IAAI,kCAAkB,EAAE,CAAC;YAE/C,aAAa,CAAC,eAAe,GAAG,CAAC,CAAA,IAAI,aAAJ,IAAI,uBAAJ,IAAI,CAAE,gBAAgB,CAAA,CAAC;YACxD,aAAa,CAAC,QAAQ,GAAG,IAAI,aAAJ,IAAI,uBAAJ,IAAI,CAAE,QAAQ,CAAC;YACxC,aAAa,CAAC,YAAY,GAAG,IAAI,aAAJ,IAAI,uBAAJ,IAAI,CAAE,aAAa,CAAC;YACjD,aAAa,CAAC,SAAS,GAAG,IAAI,aAAJ,IAAI,uBAAJ,IAAI,CAAE,UAAU,CAAC;YAC3C,aAAa,CAAC,QAAQ,GAAG,CAAC,CAAA,IAAI,aAAJ,IAAI,uBAAJ,IAAI,CAAE,SAAS,CAAA,KAAK,CAAC,CAAC;YAEhD,IAAI,OAAO,CAAC,cAAc,EAAE;gBAC1B,aAAa,CAAC,YAAY,GAAG,IAAI,CAAC;aACnC;YAED,OAAO,aAAa,CAAC;QACvB,CAAC;KAAA;IAEY,GAAG,CAAC,IAAuB;;YACtC,OAAO,IAAI,CAAC,OAAO,CAAC,IAAI,EAAE,0CAAkC,CAAC,CAAC;QAChE,CAAC;KAAA;IAEY,QAAQ,CACnB,eAAuB,EACvB,IAAwB,EACxB,OAAqC;;YAErC,OAAO,IAAI,CAAC,YAAY,CAAC,eAAe,EAAE,IAAI,EAAE,OAAO,CAAC,CAAC;QAC3D,CAAC;KAAA;IAEY,aAAa,CACxB,QAAgB,EAChB,OAAqC;;YAErC,OAAO,IAAI,OAAO,CAAC,CAAC,OAAO,EAAE,MAAM,EAAE,EAAE;gBACrC,IAAI,CAAC,yBAAyB,CAAC,UAAU,EAAE,QAAQ,EAAE,OAAO,CAAC;qBAC1D,IAAI,CAAC,CAAC,MAAM,EAAE,EAAE;oBACf,IAAI,MAAM,CAAC,MAAM,KAAK,CAAC,EAAE;wBACvB,OAAO,OAAO,CAAC,IAAI,CAAC,CAAC;qBACtB;oBAED,OAAO,CAAC,MAAM,CAAC,CAAC,CAAC,CAAC,CAAC;gBACrB,CAAC,CAAC;qBACD,KAAK,CAAC,CAAC,KAAK,EAAE,EAAE;oBACf,MAAM,CAAC,KAAK,CAAC,CAAC;gBAChB,CAAC,CAAC,CAAC;YACP,CAAC,CAAC,CAAC;QACL,CAAC;KAAA;CACF;AAzDD,uCAyDC"},"all":true},"c:\\Users\\milos\\Desktop\\projects\\diplomski-app\\backend\\dist\\components\\administrator\\dto\\IAddAdministrator.dto.js":{"path":"c:\\Users\\milos\\Deskt
[...]
d":{"line":52,"column":17}},{"start":{"line":50,"column":16},"end":{"line":52,"column":17}}],"line":50},"7":{"loc":{"start":{"line":50,"column":21},"end":{"line":50,"column":77}},"type":"cond-expr","locations":[{"start":{"line":50,"column":58},"end":{"line":50,"column":64}},{"start":{"line":50,"column":67},"end":{"line":50,"column":77}}],"line":50},"8":{"loc":{"start":{"line":50,"column":21},"end":{"line":50,"column":55}},"type":"binary-expr","locations":[{"start":{"line":50,"column":21},"end":{"line":50,"column":35}},{"start":{"line":50,"column":39},"end":{"line":50,"column":55}}],"line":50},"9":{"loc":{"start":{"line":95,"column":16},"end":{"line":100,"column":17}},"type":"if","locations":[{"start":{"line":95,"column":16},"end":{"line":100,"column":17}},{"start":{"line":95,"column":16},"end":{"line":100,"column":17}}],"line":95}},"s":{"0":0,"1":0,"2":0,"3":0,"4":0,"5":0,"6":0,"7":0,"8":0,"9":0,"10":0,"11":0,"12":0,"13":0,"14":0,"15":0,"16":0,"17":0,"18":0,"19":0,"20":0,"21":0,"22":0,"23":0,"24":0,"25":0,"26":0,"27":0,"28":0,"29":0,"30":0,"31":0,"32":0,"33":0,"34":0,"35":0,"36":0,"37":0,"38":0,"39":0,"40":0,"41":0,"42":0,"43":0,"44":0,"45":0,"46":0,"47":0,"48":0,"49":0,"50":0,"51":0,"52":0,"53":0,"54":0,"55":0,"56":0,"57":0,"58":0,"59":0,"60":0,"61":0,"62":0,"63":0,"64":0,"65":0,"66":0,"67":0,"68":0,"69":0,"70":0,"71":0,"72":0,"73":0,"74":0,"75":0,"76":0,"77":0,"78":0,"79":0,"80":0,"81":0,"82":0,"83":0,"84":0,"85":0},"f":{"0":0,"1":0,"2":0,"3":0,"4":0,"5":0,"6":0,"7":0,"8":0,"9":0,"10":0,"11":0,"12":0,"13":0,"14":0,"15":0,"16":0,"17":0,"18":0,"19":0,"20":0,"21":0,"22":0,"23":0,"24":0,"25":0},"b":{"0":[0,0,0],"1":[0,0],"2":[0,0],"3":[0,0],"4":[0,0],"5":[0,0],"6":[0,0],"7":[0,0],"8":[0,0],"9":[0,0]},"inputSourceMap":{"version":3,"file":"main.js","sourceRoot":"","sources":["../src/main.ts"],"names":[],"mappings":";;;;;;;;;;;AAAA,mCAAmC;AACnC,6BAA6B;AAE7B,uCAAsC;AAEtC,yCAAyC;AACzC,qFAAsE;AACtE,0GAA2F;AAC3F,+EAAgE;AAChE,wFAAyE;AACzE,2FAA4E;AAC5E,qGAAsF;AACtF,qFAAsE;AACtE,wFAAyE;AACzE,2FAA4E;AAC5E,qFAAsE;AAEtE,SAAe,IAAI;;QACjB,MAAM,MAAM,GAAY,mBAAS,CAAC;QAElC,IAAI,EAAE,GAAG,MAAM,MAAM,CAAC,gBAAgB,CAAC;YACrC,IAAI,EAAE,MAAM,CAAC,QAAQ,CAAC,IAAI;YAC1B,IAAI,EAAE,MAAM,CAAC,QAAQ,CAAC,IAAI;YAC1B,IAAI,EAAE,MAAM,CAAC,QAAQ,CAAC,IAAI;YAC1B,QAAQ,EAAE,MAAM,CAAC,QAAQ,CAAC,QAAQ;YAClC,QAAQ,EAAE,MAAM,CAAC,QAAQ,CAAC,QAAQ;YAClC,OAAO,EAAE,MAAM,CAAC,QAAQ,CAAC,OAAO;YAChC,QAAQ,EAAE,MAAM,CAAC,QAAQ,CAAC,QAAQ;YAClC,iBAAiB,EAAE,MAAM,CAAC,QAAQ,CAAC,iBAAiB;SACrD,CAAC,CAAC;QAEH,SAAe,0BAA0B;;gBACvC,0BAA0B,CAAC,EAAE,CAAC,CAAC;gBAC/B,OAAO,EAAE,CAAC;YACZ,CAAC;SAAA;QAED,SAAe,uBAAuB,CACpC,EAAqB,EACrB,KAAwB;;gBAExB,IAAI,CAAC,KAAK,CAAC,KAAK,EAAE;oBAChB,OAAO;iBACR;gBAED,IAAI,CAAA,KAAK,aAAL,KAAK,uBAAL,KAAK,CAAE,IAAI,MAAK,0BAA0B,EAAE;oBAC9C,MAAM,KAAK,CAAC;iBACb;gBAED,OAAO,CAAC,GAAG,CAAC,wCAAwC,CAAC,CAAC;gBAEtD,EAAE,CAAC,GAAG,EAAE,CAAC,KAAK,CAAC,CAAC,KAAK,EAAE,EAAE,CAAC,OAAO,CAAC,KAAK,CAAC,oBAAoB,EAAE,KAAK,CAAC,CAAC,CAAC;gBAEtE,EAAE,GAAG,MAAM,0BAA0B,EAAE,CAAC;gBAExC,EAAE,CAAC,OAAO,EAAE,CAAC,KAAK,CAAC,CAAC,KAAK,EAAE,EAAE,CAAC,OAAO,CAAC,KAAK,CAAC,oBAAoB,EAAE,KAAK,CAAC,CAAC,CAAC;YAC5E,CAAC;SAAA;QAED,SAAS,0BAA0B,CAAC,EAAqB;YACvD,EAAE,CAAC,EAAE,CAAC,OAAO,EAAE,CAAC,KAAK,EAAE,EAAE;gBACvB,uBAAuB,CAAC,EAAE,EAAE,KAAK,CAAC,CAAC,KAAK,CAAC,CAAC,KAAK,EAAE,EAAE;oBACjD,OAAO,CAAC,KAAK,CAAC,uBAAuB,EAAE,KAAK,CAAC,CAAC;gBAChD,CAAC,CAAC,CAAC;YACL,CAAC,CAAC,CAAC;QACL,CAAC;QAED,0BAA0B,CAAC,EAAE,CAAC,CAAC;QAE/B,MAAM,oBAAoB,GAA0B;YAClD,kBAAkB,EAAE,EAAE;YACtB,QAAQ,EAAE;gBACR,OAAO,EAAE,IAAI;gBACb,aAAa,EAAE,IAAI;gBACnB,QAAQ,EAAE,IAAI;gBACd,OAAO,EAAE,IAAI;gBACb,OAAO,EAAE,IAAI;gBACb,QAAQ,EAAE,IAAI;gBACd,MAAM,EAAE,IAAI;gBACZ,MAAM,EAAE,IAAI;gBACZ,WAAW,EAAE,IAAI;gBACjB,IAAI,EAAE,IAAI;aACX;SACF,CAAC;QAEF,oBAAoB,CAAC,QAAQ,CAAC,OAAO,GAAG,IAAI,gCAAc,CACxD,oBAAoB,CACrB,CAAC;QACF,oBAAoB,CAAC,QAAQ,CAAC,aAAa,GAAG,IAAI,sCAAoB,CACpE,oBAAoB,CACrB,CAAC;QACF,oBAAoB,CAAC,QAAQ,CAAC,QAAQ,GAAG,IAAI,iCAAe,CAC1D,oBAAoB,CACrB,CAAC;QACF,oBAAoB,CAAC,QAAQ,CAAC,OAAO,GAAG,IAAI,gCAAc,CACxD,oBAAoB,CACrB,CAAC;QACF,oBAAoB,CAAC,QAAQ,CAAC,OAAO,GAAG,IAAI,gCAAc,CACxD,oBAAoB,CACrB,CAAC;QACF,oBAAoB,CAAC,QAAQ,CAAC,QAAQ,GAAG,IAAI,iCAAe,CAC1D,oBAAoB,CACrB,CAAC;QACF,oBAAoB,CAAC,QAAQ,CAAC,MAAM,GAAG,IAAI,+BAAa,CACtD,oBAAoB,CACrB,CAAC;QACF,oBAAoB,CAAC,QAAQ,CAAC,MAAM,GAAG,IAAI,+BAAa,CACtD,oBAAoB,CACrB,CAAC;QACF,oBAAoB,CAAC,QAAQ,CAAC,WAAW,GAAG,IAAI,oCAAkB,CAChE,oBAAoB,CACrB,CAAC;QACF,oBAAoB,CAAC,QAAQ,CAAC,IAAI,GAAG,IAAI,6BAAW,CAAC,oBAAoB,CAAC,CAAC;QAE3E,MAAM,WAAW,GAAwB,OAAO,EAAE,CAAC;QAEnD,WAAW,CAAC,GAAG,CACb,IAAI,CAAC;YACH,MAAM,EAAE,UACN,MAA0B,EAC1B,QAAsD;gBAEtD,IAAI,CAAC,kBAAkB,CAAC,CAAC,OAAO,CAAC,MAAM,CAAC,KAAK,CAAC,CAAC,EAAE;oBAC/C,QAAQ,CAAC,IAAI,EAAE,IAAI,CAAC,CAAC;iBACtB;qBAAM;oBACL,QAAQ,CAAC,IAAI,KAAK,CAAC,sBAAsB,CAAC,CAAC,CAAC;iBAC7C;YACH,CAAC;SACF,CAAC,CACH,CAAC;QAEF,WAAW,CAAC,GAAG,CAAC,OAAO,CAAC,UAAU,CAAC,EAAE,QAAQ,EAAE,IAAI,EAAE,CAAC,CAAC,CAAC;QAExD,WAAW,CAAC,GAAG,CAAC,OAAO,CAAC,IAAI,EAAE,CAAC,CAAC;QAEhC,WAAW,CAAC,GAAG,CACb,MAAM,CAAC,MAAM,CAAC,MAAM,CAAC,KAAK,EAC1B,OAAO,CAAC,MAAM,CAAC,MAAM,CAAC,MAAM,CAAC,MAAM,CAAC,IAAI,EAAE;YACxC,KAAK,EAAE,MAAM,CAAC,MAAM,CAAC,MAAM,CAAC,KAAK;YACjC,QAAQ,EAAE,MAAM,CAAC,MAAM,CAAC,MAAM,CAAC,QAAQ;YACvC,YAAY,EAAE,MAAM,CAAC,MAAM,CAAC,MAAM,CAAC,YAAY;YAC/C,IAAI,EAAE,MAAM,CAAC,MAAM,CAAC,MAAM,CAAC,IAAI;YAC/B,MAAM,EAAE,MAAM,CAAC,MAAM,CAAC,MAAM,CAAC,MAAM;SACpC,CAAC,CACH,CAAC;QAEF,KAAK,MAAM,MAAM,IAAI,MAAM,CAAC,OAAO,EAAE;YACnC,MAAM,CAAC,WAAW,CAAC,WAAW,EAAE,oBAAoB,CAAC,CAAC;SACvD;QAED,WAAW,CAAC,GAAG,CAAC,CAAC,IAAI,EAAE,GAAG,EAAE,EAAE;YAC5B,GAAG,CAAC,UAAU,CAAC,GAAG,CAAC,CAAC;QACtB,CAAC,CAAC,CAAC;QAEH,SAAe,kBAAkB;;gBAC/B,IAAI;oBACF,MAAM,WAAW,GAAG,IAAI,IAAI,EAAE,CAAC,WAAW,EAAE,CAAC,KAAK,CAAC,CAAC,EAAE,EAAE,CAAC,CAAC;oBAE1D,MAAM,KAAK,GACT,8KAA8K,CAAC;oBAEjL,MAAM,EAAE,CAAC,OAAO,CAAC,KAAK,EAAE,CAAC,WAAW,EAAE,WAAW,CAAC,CAAC,CAAC;oBAEpD,OAAO,CAAC,GAAG,CAAC,sBAAsB,WAAW,EAAE,CAAC,CAAC;iBAClD;gBAAC,OAAO,KAAK,EAAE;oBACd,OAAO,CAAC,KAAK,CAAC,yBAAyB,EAAE,KAAK,CAAC,CAAC;iBACjD;YACH,CAAC;SAAA;QAED,SAAe,cAAc;;gBAC3B,MAAM,kBAAkB,EAAE,CAAC;YAC7B,CAAC;SAAA;QAED,MAAM,cAAc,EAAE,CAAC;QAEvB,WAAW,CAAC,MAAM,CAAC,MAAM,CAAC,MAAM,CAAC,IAAI,CAAC,CAAC;IACzC,CAAC;CAAA;AAED,OAAO,CAAC,EAAE,CAAC,mBAAmB,EAAE,CAAC,KAAK,EAAE,EAAE;IACxC,OAAO,CAAC,KAAK,CAAC,QAAQ,EAAE,KAAK,CAAC,CAAC;AACjC,CAAC,CAAC,CAAC;AAEH,IAAI,EAAE,CAAC,KAAK,CAAC,CAAC,KAAK,EAAE,EAAE,CAAC,OAAO,CAAC,KAAK,CAAC,oBAAoB,EAAE,KAAK,CAAC,CAAC,CAAC"},"all":true},"c:\\Users\\milos\\Desktop\\projects\\diplomski-app\\backend\\dist\\middleware\\AuthMiddleware.js":{"path":"c:\\Users\\milos\\Desktop\\projects\\diplomski-app\\backend\\dist\\middleware\\AuthMiddleware.js","statementMap":{"0":{"start":{"line":2,"column":0},"end":{"line":2,"column":62}},"1":{"start":{"line":3,"column":12},"end":{"line":3,"column":35}},"2":{"start":{"line":4,"column":18},"end":{"line":4,"column":39}},"3":{"start":{"line":5,"column":22},"end":{"line":5,"column":54}},"4":{"start":{"line":8,"column":8},"end":{"line":10,"column":10}},"5":{"start":{"line":9,"column":12},"end":{"line":9,"column":63}},"6":{"start":{"line":14,"column":8},"end":{"line":16,"column":9}},"7":{"start":{"line":15,"column":12},"end":{"line":15,"column":26}},"8":{"start":{"line":17,"column":28},"end":{"line":17,"column":143}},"9":{"start":{"line":18,"column":8},"end":{"line":37,"column":9}},"10":{"start":{"line":19,"column":27},"end":{"line":19,"column":29}},"11":{"start":{"line":20,"column":12},"end":{"line":28,"column":13}},"12":{"start":{"line":21,"column":16},"end":{"line":27,"column":33}},"13":{"start":{"line":22,"column":34},"end":{"line":22,"column":81}},"14":{"start":{"line":23,"column":20},"end":{"line":25,"column":21}},"15":{"start":{"line":24,"column":24},"end":{"line":24,"column":43}},"16":{"start":{"line":29,"column":12},"end":{"line":31,"column":13}},"17":{"start":{"line":30,"column":16},"end":{"line":30,"column":104}},"18":{"start":{"line":32,"column":12},"end":{"line":32,"column":42}},"19":{"start":{"line":33,"column":12},"end":{"line":33,"column":19}},"20":{"start":{"line":36,"column":12},"end":{"line":36,"column":193}},"21":{"start":{"line":41,"column":8},"end":{"line":43,"column":9}},"22":{"start":{"line":42,"column":12},"end":{"line":42,"column":72}},"23":{"start":{"line":44,"column":35},"end":{"line":44,"column":64}},"24":{"start":{"line":45,"column":8},"end":{"line":47,"column":9}},"25":{"start":{"line":46,"column":12},"end":{"line":46,"column":72}},"26":{"start":{"line":48,"column":8},"end":{"line":50,"column":9}},"27":{"start":{"line":49,"column":12},"end":{"line":49,"column":73}},"28":{"start":{"line":51,"column":8},"end":{"line":73,"column":9}},"29":{"start":{"line":52,"column":38},"end":{"line":52,"column":112}},"30":{"start":{"line":53,"column":12},"end":{"line":55,"column":13}},"31":{"start":{"line":54,"column":16},"end":{"line":54,"column":81}},"32":{"start":{"line":56,"column":38},"end":{"line":56,"column":55}},"33":{"start":{"line":57,"column":30},"end":{"line":61,"column":13}},"34":{"start":{"line":62,"column":12},"end":{"line":64,"column":13}},"35":{"start":{"line":63,"column":16},"end":{"line":63,"column":76}},"36":{"start":{"line":65,"column":12},"end":{"line":65,"column":29}},"37":{"start":{"line":68,"column":28},"end":{"line":68,"column":130}},"38":{"start":{"line":69,"column":12},"end":{"line":71,"column":13}},"39":{"start":{"line":70,"column":16},"end":{"line":70,"column":80}},"40":{"start":{"line":72,"column":12},"end":{"line":72,"column":110}},"41":{"start":{"line":76,"column":0},"end":{"line":76,"column":33}}},"fnMap":{"0":{"name":"(anonymous_0)","decl":{"start":{"line":7,"column":4},"end":{"line":7,"column":5}},"loc":{"start":{"line":7,"column":40},"end":{"line":11,"column":5}},"line":7},"1":{"name":"(anonymous_1)","decl":{"start":{"line":8,"column":15},"end":{"line":8,"column":16}},"loc":{"start":{"line":8,"column":35},"end":{"line":10,"column":9}},"line":8},"2":{"name":"(anonymous_2)","decl":{"start":{"line":12,"column":4},"end":{"line":12,"column":5}},"loc":{"start":{"line":12,"column":57},"end":{"line":38,"column":5}},"line":12},"3":{"name":"(anonymous_3)","decl":{"start":{"line":39,"column":4},"end":{"line":39,"column":5}},"loc":{"start":{"line":39,"column":52},"end":{"line":74,"column":5}},"line":39}},"branchMap":{"0":{"loc":{"start":{"line":14,"column":8},"end":{"line":16,"column":9}},"type":"if","locations":[{"start":{"line":14,"column":8},"end":{"line":16,"column":9}},{"start":{"line":14,"column":8},"end":{"line":16,"column":9}}],"line":14},"1":{"loc":{"start":{"line":17,"column":28},"end":{"line":17,"column":143}},"type":"cond-expr","locations":[{"start":{"line":17,"column":136},"end":{"line":17,"column":138}},{"start":{"line":17,"column":141},"end":{"line":17,"column":143}}],"line":17},"2":{"loc":{"start":{"line":17,"column":28},"end":{"line":17,"column":133}},"type":"binary-expr","locations":[{"start":{"line":17,"column":28},"end":{"line":17,"column":116}},{"start":{"line":17,"column":120},"end":{"line":17,"column":133}}],"line":17},"3":{"loc":{"start":{"line":17,"column":34},"end":{"line":17,"column":106}},"type":"cond-expr","locations":[{"start":{"line":17,"column":81},"end":{"line":17,"column":87}},{"start":{"line":17,"column":90},"end":{"line":17,"column":106}}],"line":17},"4":{"loc":{"start":{"line":17,"column":34},"end":{"line":17,"column":78}},"type":"binary-expr","locations":[{"start":{"line":17,"column":34},"end":{"line":17,"column":61}},{"start":{"line":17,"column":65},"end":{"line":17,"column":78}}],"line":17},"5":{"loc":{"start":{"line":23,"column":20},"end":{"line":25,"column":21}},"type":"if","locations":[{"start":{"line":23,"column":20},"end":{"line":25,"column":21}},{"start":{"line":23,"column":20},"end":{"line":25,"column":21}}],"line":23},"6":{"loc":{"start":{"line":29,"column":12},"end":{"line":31,"column":13}},"type":"if","locations":[{"start":{"line":29,"column":12},"end":{"line":31,"column":13}},{"start":{"line":29,"column":12},"end":{"line":31,"column":13}}],"line":29},"7":{"loc":{"start":{"line":36,"column":23},"end":{"line":36,"column":125}},"type":"cond-expr","locations":[{"start":{"line":36,"column":117},"end":{"line":36,"column":119}},{"start":{"line":36,"column":122},"end":{"line":36,"column":125}}],"line":36},"8":{"loc":{"start":{"line":36,"column":23},"end":{"line":36,"column":114}},"type":"binary-expr","locations":[{"start":{"line":36,"column":23},"end":{"line":36,"column":97}},{"start":{"line":36,"column":101},"end":{"line":36,"column":114}}],"line":36},"9":{"loc":{"start":{"line":36,"column":29},"end":{"line":36,"column":87}},"type":"cond-expr","locations":[{"start":{"line":36,"column":66},"end":{"line":36,"column":72}},{"start":{"line":36,"column":75},"end":{"line":36,"column":87}}],"line":36},"10":{"loc":{"start":{"line":36,"column":29},"end":{"line":36,"column":63}},"type":"binary-expr","locations":[{"start":{"line":36,"column":29},"end":{"line":36,"column":43}},{"start":{"line":36,"column":47},"end":{"line":36,"column":63}}],"line":36},"11":{"loc":{"start":{"line":36,"column":132},"end":{"line":36,"column":191}},"type":"cond-expr","locations":[{"start":{"line":36,"column":169},"end":{"line":36,"column":175}},{"start":{"line":36,"column":178},"end":{"line":36,"column":191}}],"line":36},"12":{"loc":{"start":{"line":36,"column":132},"end":{"line":36,"column":166}},"type":"binary-expr","locations":[{"start":{"line":36,"column":132},"end":{"line":36,"column":146}},{"start":{"line":36,"column":150},"end":{"line":36,"column":166}}],"line":36},"13":{"loc":{"start":{"line":41,"column":8},"end":{"line":43,"column":9}},"type":"if","locations":[{"start":{"line":41,"column":8},"end":{"line":43,"column":9}},{"start":{"line":41,"column":8},"end":{"line":43,"column":9}}],"line":41},"14":{"loc":{"start":{"line":45,"column":8},"end":{"line":47,"column":9}},"type":"if","locations":[{"start":{"line":45,"column":8},"end":{"line":47,"column":9}},{"start":{"line":45,"column":8},"end":{"line":47,"column":9}}],"line":45},"15":{"loc":{"start":{"line":48,"column":8},"end":{"line":50,"column":9}},"type":"if","locations":[{"start":{"line":48,"column":8},"end":{"line":50,"column":9}},{"start":{"line":48,"column":8},"end":{"line":50,"column":9}}],"line":48},"16":{"loc":{"start":{"line":48,"column":12},"end":{"line":48,"column":59}},"type":"binary-expr","locations":[{"start":{"line":48,"column":12},"end":{"line":48,"column":37}},{"start":{"line":48,"column":41},"end":{"line":48,"column":59}}],"line":48},"17":{"loc":{"start":{"line":53,"column":12},"end":{"line":55,"column":13}},"type":"if","locations":[{"start":{"line":53,"column":12},"end":{"line":55,"column":13}},{"start":{"line":53,"column":12},"end":{"line":55,"column":13}}],"line":53},"18":{"loc":{"start":{"line":62,"column":12},"end":{"line":64,"column":13}},"type":"if","locations":[{"start":{"line":62,"column":12},"end":{"line":64,"column":13}},{"start":{"line":62,"column":12},"end":{"line":64,"column":13}}],"line":62},"19":{"loc":{"start":{"line":68,"column":28},"end":{"line":68,"column":130}},"type":"cond-expr","locations":[{"start":{"line":68,"column":123},"end":{"line":68,"column":125}},{"start":{"line":68,"column":128},"end":{"line":68,"column":130}}],"line":68},"20":{"loc":{"start":{"line":68,"column":28},"end":{"line":68,"column":120}},"type":"binary-expr","locations":[{"start":{"line":68,"column":28},"end":{"line":68,"column":103}},{"start":{"line":68,"column":107},"end":{"line":68,"column":120}}],"line":68},"21":{"loc":{"start":{"line":68,"column":34},"end":{"line":68,"column":93}},"type":"cond-expr","locations":[{"start":{"line":68,"column":71},"end":{"line":68,"column":77}},{"start":{"line":68,"column":80},"end":{"line":68,"column":93}}],"line":68},"22":{"loc":{"start":{"line":68,"column":34},"end":{"line":68,"column":68}},"type":"binary-expr","locations":[{"start":{"line":68,"column":34},"end":{"line":68,"column":48}},{"start":{"line":68,"column":52},"end":{"line":68,"column":68}}],"line":68},"23":{"loc":{"start":{"line":69,"column":12},"end":{"line":71,"column":13}},"type":"if","locations":[{"start":{"line":69,"column":12},"end":{"line":71,"column":13}},{"start":{"line":69,"column":12},"end":{"line":71,"column":13}}],"line":69},"24":{"loc":{"start":{"line":72,"column":49},"end":{"line":72,"column":108}},"type":"cond-expr","locations":[{"start":{"line":72,"column":86},"end":{"line":72,"column":92}},{"start":{"line":72,"column":95},"end":{"line":72,"column":108}}],"line":72},"25":{"loc":{"start":{"line":72,"column":49},"end":{"line":72,"column":83}},"type":"binary-expr","locations":[{"start":{"line":72,"column":49},"end":{"line":72,"column":63}},{"start":{"line":72,"column":67},"end":{"line":72,"column":83}}],"line":72}},"s":{"0":0,"1":0,"2":0,"3":0,"4":0,"5":0,"6":0,"7":0,"8":0,"9":0,"10":0,"11":0,"12":0,"13":0,"14":0,"15":0,"16":0,"17":0,"18":0,"19":0,"20":0,"21":0,"22":0,"23":0,"24":0,"25":0,"26":0,"27":0,"28":0,"29":0,"30":0,"31":0,"32":0,"33":0,"34":0,"35":0,"36":0,"37":0,"38":0,"39":0,"40":0,"41":0},"f":{"0":0,"1":0,"2":0,"3":0},"b":{"0":[0,0],"1":[0,0],"2":[0,0],"3":[0,0],"4":[0,0],"5":[0,0],"6":[0,0],"7":[0,0],"8":[0,0],"9":[0,0],"10":[0,0],"11":[0,0],"12":[0,0],"13":[0,0],"14":[0,0],"15":[0,0],"16":[0,0],"17":[0,0],"18":[0,0],"19":[0,0],"20":[0,0],"21":[0,0],"22":[0,0],"23":[0,0],"24":[0,0],"25":[0,0]},"inputSourceMap":{"version":3,"file":"AuthMiddleware.js","sourceRoot":"","sources":["../../src/middleware/AuthMiddleware.ts"],"names":[],"mappings":";;AAEA,oCAAoC;AACpC,wCAAuC;AACvC,uDAAgD;AAEhD,MAAqB,cAAc;IAC1B,MAAM,CAAC,WAAW,CACvB,GAAG,YAA0C;QAE7C,OAAO,CAAC,GAAY,EAAE,GAAa,EAAE,IAAkB,EAAE,EAAE;YACzD,IAAI,CAAC,eAAe,CAAC,GAAG,EAAE,GAAG,EAAE,IAAI,EAAE,YAAY,CAAC,CAAC;QACrD,CAAC,CAAC;IACJ,CAAC;IAEO,MAAM,CAAC,eAAe,CAC5B,GAAY,EACZ,GAAa,EACb,IAAkB,EAClB,YAA0C;;QAE1C,IAAI,mBAAS,CAAC,IAAI,CAAC,+BAA+B,EAAE;YAClD,OAAO,IAAI,EAAE,CAAC;SACf;QAED,MAAM,WAAW,GAAW,MAAA,MAAA,GAAG,CAAC,OAAO,0CAAE,aAAa,mCAAI,EAAE,CAAC;QAE7D,IAAI;YACF,MAAM,MAAM,GAAG,EAAE,CAAC;YAElB,KAAK,IAAI,IAAI,IAAI,YAAY,EAAE;gBAC7B,IAAI;oBACF,MAAM,KAAK,GAAG,IAAI,CAAC,eAAe,CAAC,WAAW,EAAE,IAAI,EAAE,MAAM,CAAC,CAAC;oBAE9D,IAAI,KAAK,EAAE;wBACT,MAAM,CAAC,IAAI,CAAC,KAAK,CAAC,CAAC;qBACpB;iBACF;gBAAC,OAAO,KAAK,EAAE,GAAE;aACnB;YAED,IAAI,MAAM,CAAC,MAAM,KAAK,CAAC,EAAE;gBACvB,MAAM,IAAI,qBAAW,CACnB,GAAG,EACH,iDAAiD,CAClD,CAAC;aACH;YAED,GAAG,CAAC,aAAa,GAAG,MAAM,CAAC,CAAC,CAAC,CAAC;YAE9B,IAAI,EAAE,CAAC;SACR;QAAC,OAAO,KAAK,EAAE;YACd,GAAG,CAAC,MAAM,CAAC,MAAA,KAAK,aAAL,KAAK,uBAAL,KAAK,CAAE,MAAM,mCAAI,GAAG,CAAC,CAAC,IAAI,CAAC,KAAK,aAAL,KAAK,uBAAL,KAAK,CAAE,OAAO,CAAC,CAAC;SACvD;IACH,CAAC;IAEM,MAAM,CAAC,eAAe,CAC3B,WAAmB,EACnB,IAA8B,EAC9B,IAAwB;;QAExB,IAAI,WAAW,KAAK,EAAE,EAAE;YACtB,MAAM,IAAI,qBAAW,CAAC,GAAG,EAAE,qBAAqB,CAAC,CAAC;SACnD;QAED,MAAM,CAAC,SAAS,EAAE,KAAK,CAAC,GAAG,WAAW,CAAC,IAAI,EAAE,CAAC,KAAK,CAAC,GAAG,CAAC,CAAC;QAEzD,IAAI,SAAS,KAAK,QAAQ,EAAE;YAC1B,MAAM,IAAI,qBAAW,CAAC,GAAG,EAAE,qBAAqB,CAAC,CAAC;SACnD;QAED,IAAI,OAAO,KAAK,KAAK,QAAQ,IAAI,KAAK,CAAC,MAAM,KAAK,CAAC,EAAE;YACnD,MAAM,IAAI,qBAAW,CAAC,GAAG,EAAE,sBAAsB,CAAC,CAAC;SACpD;QAED,IAAI;YACF,MAAM,iBAAiB,GAAG,GAAG,CAAC,MAAM,CAClC,KAAK,EACL,mBAAS,CAAC,IAAI,CAAC,IAAI,CAAC,CAAC,MAAM,CAAC,IAAI,CAAC,CAAC,IAAI,CAAC,MAAM,CAC9C,CAAC;YAEF,IAAI,CAAC,iBAAiB,EAAE;gBACtB,MAAM,IAAI,qBAAW,CAAC,GAAG,EAAE,0BAA0B,CAAC,CAAC;aACxD;YAED,MAAM,iBAAiB,GAAG,iBAA+B,CAAC;YAE1D,MAAM,SAAS,GAAe;gBAC5B,IAAI,EAAE,iBAAiB,CAAC,IAAI;gBAC5B,EAAE,EAAE,iBAAiB,CAAC,EAAE;gBACxB,QAAQ,EAAE,iBAAiB,CAAC,QAAQ;aACrC,CAAC;YAEF,IAAI,SAAS,CAAC,IAAI,KAAK,IAAI,EAAE;gBAC3B,MAAM,IAAI,qBAAW,CAAC,GAAG,EAAE,qBAAqB,CAAC,CAAC;aACnD;YAED,OAAO,SAAS,CAAC;SAClB;QAAC,OAAO,KAAK,EAAE;YACd,MAAM,OAAO,GAAW,MAAA,KAAK,aAAL,KAAK,uBAAL,KAAK,CAAE,OAAO,mCAAI,EAAE,CAAC;YAE7C,IAAI,OAAO,CAAC,QAAQ,CAAC,aAAa,CAAC,EAAE;gBACnC,MAAM,IAAI,qBAAW,CAAC,GAAG,EAAE,yBAAyB,CAAC,CAAC;aACvD;YAED,MAAM,IAAI,qBAAW,CAAC,GAAG,EAAE,KAAK,aAAL,KAAK,uBAAL,KAAK,CAAE,OAAO,CAAC,CAAC;SAC5C;IACH,CAAC;CACF;AArGD,iCAqGC"},"all":true},"c:\\Users\\milos\\Desktop\\projects\\diplomski-app\\frontend\\src\\config.ts":{"path":"c:\\Users\\milos\\Desktop\\projects\\diplomski-app\\frontend\\src\\config.ts","statementMap":{"0":{"start":{"line":1,"column":15},"end":{"line":4,"column":1}}},"fnMap":{},"branchMap":{},"s":{"0":0},"f":{},"b":{},"all":true}}